SF:lib\src\print_coverage.dart
DA:19,1
DA:20,3
DA:21,3
DA:24,1
DA:25,4
DA:26,0
DA:28,4
DA:31,3
DA:46,1
DA:47,1
DA:50,3
DA:52,3
DA:54,1
DA:55,3
DA:56,3
DA:57,3
DA:58,3
DA:59,3
DA:60,3
DA:64,1
DA:66,1
DA:67,1
DA:69,1
DA:71,6
DA:72,1
DA:73,1
DA:74,1
DA:75,1
DA:76,1
DA:77,3
DA:78,3
DA:80,3
DA:81,3
DA:82,4
DA:87,5
DA:88,0
DA:89,1
DA:91,2
DA:92,1
DA:94,1
DA:95,1
DA:96,1
DA:97,5
DA:98,3
DA:101,1
DA:102,3
DA:104,1
DA:105,3
DA:107,1
DA:108,0
DA:110,1
DA:111,0
DA:113,1
DA:114,0
DA:116,1
DA:117,0
DA:119,1
DA:120,0
DA:121,0
DA:122,0
DA:123,0
DA:126,1
DA:128,1
DA:129,2
DA:130,2
DA:135,2
DA:137,2
DA:138,3
DA:139,4
DA:142,1
DA:143,3
DA:144,2
DA:145,1
DA:148,1
DA:149,2
DA:150,1
DA:151,2
DA:154,3
DA:159,1
DA:160,3
DA:161,3
DA:162,3
DA:163,2
DA:164,2
DA:165,0
DA:166,0
DA:167,0
DA:169,2
DA:170,1
DA:171,1
DA:172,1
DA:173,3
DA:174,1
DA:179,1
DA:180,1
DA:181,1
DA:183,4
DA:186,1
DA:187,2
DA:189,6
DA:192,1
DA:194,3
DA:195,1
DA:196,1
DA:197,1
DA:198,1
DA:201,0
DA:202,0
DA:203,0
DA:204,0
DA:205,0
DA:206,0
DA:207,0
DA:208,0
DA:209,0
LF:115
LH:93
end_of_record
