TN:
SF:E:\f\be\ms-company\src\audit.ts
FNF:0
FNH:0
DA:1,2
DA:2,2
DA:3,2
DA:4,2
DA:5,2
DA:7,2
DA:12,2
LF:7
LH:7
BRF:0
BRH:0
end_of_record
TN:
SF:E:\f\be\ms-company\src\config.ts
FNF:0
FNH:0
DA:1,123
DA:2,123
DA:10,123
DA:11,123
DA:12,123
DA:14,123
DA:15,123
LF:7
LH:7
BRDA:12,0,0,122
BRDA:12,0,1,1
BRF:2
BRH:2
end_of_record
TN:
SF:E:\f\be\ms-company\src\context.ts
FNF:0
FNH:0
DA:1,0
DA:3,0
DA:5,0
LF:3
LH:0
BRF:0
BRH:0
end_of_record
TN:
SF:E:\f\be\ms-company\src\initJoiCommon.ts
FNF:0
FNH:0
DA:1,74
DA:2,74
DA:4,74
LF:3
LH:3
BRF:0
BRH:0
end_of_record
TN:
SF:E:\f\be\ms-company\src\logger.ts
FN:17,(anonymous_0)
FN:29,(anonymous_1)
FNF:2
FNH:2
FNDA:86,(anonymous_0)
FNDA:12,(anonymous_1)
DA:1,116
DA:2,116
DA:4,116
DA:5,116
DA:6,116
DA:8,116
DA:10,116
DA:17,116
DA:22,86
DA:25,86
DA:26,86
DA:29,116
DA:30,12
DA:31,0
DA:33,12
DA:36,116
DA:37,116
LF:17
LH:16
BRDA:8,0,0,116
BRDA:8,0,1,115
BRDA:23,1,0,1
BRDA:23,1,1,85
BRDA:30,2,0,0
BRDA:30,2,1,12
BRDA:30,3,0,12
BRDA:30,3,1,12
BRF:8
BRH:7
end_of_record
TN:
SF:E:\f\be\ms-company\src\routes.ts
FNF:0
FNH:0
DA:1,1
DA:2,1
DA:3,1
DA:4,1
DA:5,1
DA:6,1
DA:7,1
DA:8,1
DA:9,1
DA:10,1
DA:12,1
DA:25,1
LF:12
LH:12
BRF:0
BRH:0
end_of_record
TN:
SF:E:\f\be\ms-company\src\server.ts
FN:24,(anonymous_9)
FN:24,(anonymous_10)
FN:59,(anonymous_11)
FN:59,(anonymous_12)
FN:65,(anonymous_13)
FN:71,(anonymous_14)
FN:71,(anonymous_15)
FN:75,(anonymous_16)
FN:77,(anonymous_17)
FN:79,(anonymous_18)
FNF:10
FNH:9
FNDA:2,(anonymous_9)
FNDA:2,(anonymous_10)
FNDA:2,(anonymous_11)
FNDA:2,(anonymous_12)
FNDA:2,(anonymous_13)
FNDA:4,(anonymous_14)
FNDA:4,(anonymous_15)
FNDA:1,(anonymous_16)
FNDA:1,(anonymous_17)
FNDA:0,(anonymous_18)
DA:1,1
DA:2,1
DA:3,1
DA:4,1
DA:6,1
DA:7,1
DA:8,1
DA:9,1
DA:10,1
DA:11,1
DA:12,1
DA:13,1
DA:14,1
DA:15,1
DA:16,1
DA:17,1
DA:18,1
DA:20,1
DA:21,1
DA:22,1
DA:24,2
DA:25,2
DA:41,2
DA:43,2
DA:54,2
DA:56,2
DA:59,2
DA:60,2
DA:61,2
DA:62,2
DA:63,2
DA:66,2
DA:68,2
DA:71,4
DA:72,4
DA:73,2
DA:74,2
DA:75,1
DA:78,1
DA:79,1
DA:80,0
DA:86,1
LF:42
LH:41
BRDA:72,0,0,2
BRDA:72,0,1,2
BRF:2
BRH:2
end_of_record
TN:
SF:E:\f\be\ms-company\src\assistant\assistant.constants.ts
FNF:0
FNH:0
DA:1,4
LF:1
LH:1
BRF:0
BRH:0
end_of_record
TN:
SF:E:\f\be\ms-company\src\assistant\assistant.controller.ts
FN:27,(anonymous_8)
FN:30,(anonymous_9)
FN:65,(anonymous_10)
FN:68,(anonymous_11)
FN:103,(anonymous_12)
FN:106,(anonymous_13)
FN:136,(anonymous_14)
FN:139,(anonymous_15)
FN:174,(anonymous_16)
FN:174,(anonymous_17)
FNF:10
FNH:10
FNDA:1,(anonymous_8)
FNDA:1,(anonymous_9)
FNDA:1,(anonymous_10)
FNDA:1,(anonymous_11)
FNDA:1,(anonymous_12)
FNDA:1,(anonymous_13)
FNDA:1,(anonymous_14)
FNDA:1,(anonymous_15)
FNDA:3,(anonymous_16)
FNDA:3,(anonymous_17)
DA:2,2
DA:3,2
DA:11,2
DA:13,2
DA:30,1
DA:31,1
DA:34,1
DA:51,2
DA:68,1
DA:69,1
DA:72,1
DA:89,2
DA:106,1
DA:107,1
DA:108,1
DA:125,2
DA:139,1
DA:140,1
DA:143,1
DA:160,2
DA:174,3
DA:175,3
DA:176,3
DA:177,3
DA:194,2
DA:202,2
LF:26
LH:26
BRF:0
BRH:0
end_of_record
TN:
SF:E:\f\be\ms-company\src\assistant\assistant.service.ts
FN:32,(anonymous_9)
FN:32,(anonymous_10)
FN:36,(anonymous_11)
FN:38,(anonymous_12)
FN:84,(anonymous_13)
FN:87,(anonymous_14)
FN:104,(anonymous_15)
FN:108,(anonymous_16)
FN:123,(anonymous_17)
FN:125,(anonymous_18)
FN:170,(anonymous_19)
FN:172,(anonymous_20)
FN:228,(anonymous_21)
FN:230,(anonymous_22)
FN:298,(anonymous_23)
FN:300,(anonymous_24)
FNF:16
FNH:16
FNDA:2,(anonymous_9)
FNDA:2,(anonymous_10)
FNDA:4,(anonymous_11)
FNDA:4,(anonymous_12)
FNDA:4,(anonymous_13)
FNDA:4,(anonymous_14)
FNDA:4,(anonymous_15)
FNDA:4,(anonymous_16)
FNDA:7,(anonymous_17)
FNDA:7,(anonymous_18)
FNDA:4,(anonymous_19)
FNDA:4,(anonymous_20)
FNDA:6,(anonymous_21)
FNDA:6,(anonymous_22)
FNDA:3,(anonymous_23)
FNDA:3,(anonymous_24)
DA:1,3
DA:9,3
DA:15,3
DA:16,3
DA:17,3
DA:19,3
DA:20,3
DA:21,3
DA:22,3
DA:23,3
DA:24,3
DA:25,3
DA:26,3
DA:27,3
DA:29,3
DA:30,3
DA:32,3
DA:33,2
DA:36,3
DA:38,4
DA:39,4
DA:43,4
DA:44,1
DA:51,3
DA:52,1
DA:59,2
DA:60,1
DA:67,1
DA:71,1
DA:76,1
DA:78,1
DA:84,3
DA:87,4
DA:88,4
DA:89,2
DA:90,2
DA:91,2
DA:92,1
DA:94,1
DA:97,1
DA:99,1
DA:104,3
DA:108,4
DA:109,4
DA:110,2
DA:119,2
DA:123,3
DA:125,7
DA:126,7
DA:130,7
DA:131,2
DA:139,5
DA:140,1
DA:148,4
DA:149,4
DA:150,4
DA:151,4
DA:152,4
DA:153,4
DA:155,3
DA:159,3
DA:161,1
DA:170,3
DA:172,4
DA:173,4
DA:177,4
DA:178,1
DA:186,3
DA:187,1
DA:195,2
DA:197,2
DA:203,2
DA:207,1
DA:215,1
DA:220,1
DA:222,1
DA:228,3
DA:230,6
DA:231,6
DA:233,6
DA:234,1
DA:242,5
DA:243,1
DA:251,4
DA:253,4
DA:255,4
DA:260,4
DA:261,1
DA:269,3
DA:274,3
DA:276,3
DA:277,3
DA:279,3
DA:283,2
DA:286,3
DA:287,2
DA:293,3
DA:295,3
DA:298,3
DA:300,3
DA:301,3
DA:303,3
DA:304,3
DA:307,3
DA:311,2
DA:313,3
DA:318,3
DA:326,3
LF:108
LH:108
BRDA:43,0,0,1
BRDA:43,0,1,3
BRDA:51,1,0,1
BRDA:51,1,1,2
BRDA:59,2,0,1
BRDA:59,2,1,1
BRDA:88,3,0,2
BRDA:88,3,1,2
BRDA:91,4,0,1
BRDA:91,4,1,1
BRDA:91,5,0,2
BRDA:91,5,1,1
BRDA:109,6,0,2
BRDA:109,6,1,2
BRDA:130,7,0,2
BRDA:130,7,1,5
BRDA:130,8,0,7
BRDA:130,8,1,6
BRDA:139,9,0,1
BRDA:139,9,1,4
BRDA:177,10,0,1
BRDA:177,10,1,3
BRDA:186,11,0,1
BRDA:186,11,1,2
BRDA:203,12,0,1
BRDA:203,12,1,1
BRDA:204,13,0,2
BRDA:204,13,1,1
BRDA:233,14,0,1
BRDA:233,14,1,5
BRDA:242,15,0,1
BRDA:242,15,1,4
BRDA:260,16,0,1
BRDA:260,16,1,3
BRDA:260,17,0,4
BRDA:260,17,1,3
BRDA:260,17,2,3
BRDA:279,18,0,2
BRDA:279,18,1,1
BRDA:280,19,0,3
BRDA:280,19,1,2
BRDA:286,20,0,2
BRDA:286,20,1,1
BRDA:307,21,0,2
BRDA:307,21,1,1
BRDA:308,22,0,3
BRDA:308,22,1,2
BRF:47
BRH:47
end_of_record
TN:
SF:E:\f\be\ms-company\src\assistantPermission\assistantPermission.controller.ts
FN:24,(anonymous_8)
FN:27,(anonymous_9)
FNF:2
FNH:2
FNDA:1,(anonymous_8)
FNDA:1,(anonymous_9)
DA:2,2
DA:3,2
DA:4,2
DA:10,2
DA:27,1
DA:28,1
DA:31,1
DA:48,2
DA:52,2
LF:9
LH:9
BRF:0
BRH:0
end_of_record
TN:
SF:E:\f\be\ms-company\src\assistantPermission\assistantPermission.model.ts
FNF:0
FNH:0
DA:1,4
DA:2,4
DA:3,4
DA:6,4
DA:9,4
DA:37,4
LF:6
LH:6
BRF:0
BRH:0
end_of_record
TN:
SF:E:\f\be\ms-company\src\assistantPermission\assistantPermission.repository.ts
FN:10,(anonymous_7)
FN:16,(anonymous_8)
FN:18,(anonymous_9)
FN:24,(anonymous_10)
FNF:4
FNH:4
FNDA:2,(anonymous_7)
FNDA:2,(anonymous_8)
FNDA:2,(anonymous_9)
FNDA:2,(anonymous_10)
DA:3,4
DA:7,4
DA:8,4
DA:10,4
DA:13,2
DA:16,4
DA:18,2
DA:19,2
DA:24,2
DA:27,4
DA:31,4
LF:11
LH:11
BRF:0
BRH:0
end_of_record
TN:
SF:E:\f\be\ms-company\src\assistantPermission\assistantPermission.service.ts
FN:10,(anonymous_8)
FN:12,(anonymous_9)
FN:14,(anonymous_10)
FN:28,(anonymous_11)
FN:31,(anonymous_12)
FN:33,(anonymous_13)
FNF:6
FNH:6
FNDA:4,(anonymous_8)
FNDA:4,(anonymous_9)
FNDA:4,(anonymous_10)
FNDA:4,(anonymous_11)
FNDA:3,(anonymous_12)
FNDA:3,(anonymous_13)
DA:2,3
DA:3,3
DA:4,3
DA:5,3
DA:6,3
DA:8,3
DA:10,3
DA:12,4
DA:13,4
DA:15,4
DA:20,4
DA:21,1
DA:24,3
DA:28,4
DA:31,3
DA:33,3
DA:34,3
DA:36,3
DA:37,1
DA:43,2
DA:47,2
DA:48,1
DA:51,1
DA:54,3
DA:59,3
LF:25
LH:25
BRDA:20,0,0,1
BRDA:20,0,1,3
BRDA:36,1,0,1
BRDA:36,1,1,2
BRDA:47,2,0,1
BRDA:47,2,1,1
BRF:6
BRH:6
end_of_record
TN:
SF:E:\f\be\ms-company\src\audit\audit.model.ts
FNF:0
FNH:0
DA:1,3
DA:2,3
DA:3,3
DA:6,3
DA:8,3
DA:44,3
LF:6
LH:6
BRF:0
BRH:0
end_of_record
TN:
SF:E:\f\be\ms-company\src\audit\audit.repository.ts
FN:5,(anonymous_8)
FN:8,(anonymous_9)
FN:8,(anonymous_10)
FN:9,(anonymous_11)
FNF:4
FNH:4
FNDA:3,(anonymous_8)
FNDA:18,(anonymous_9)
FNDA:18,(anonymous_10)
FNDA:15,(anonymous_11)
DA:2,3
DA:3,3
DA:5,3
DA:6,3
DA:8,18
DA:9,18
DA:10,15
DA:11,15
DA:13,3
DA:16,3
DA:20,3
LF:11
LH:11
BRF:0
BRH:0
end_of_record
TN:
SF:E:\f\be\ms-company\src\common\HttpResponse.ts
FN:7,(anonymous_0)
FN:12,(anonymous_1)
FN:16,(anonymous_2)
FNF:3
FNH:3
FNDA:97,(anonymous_0)
FNDA:1,(anonymous_1)
FNDA:1,(anonymous_2)
DA:2,13
DA:5,13
DA:8,97
DA:9,97
DA:13,1
DA:14,1
DA:17,1
LF:7
LH:7
BRF:0
BRH:0
end_of_record
TN:
SF:E:\f\be\ms-company\src\common\audit.util.ts
FN:6,(anonymous_0)
FNF:1
FNH:1
FNDA:7,(anonymous_0)
DA:2,3
DA:3,3
DA:4,3
DA:6,3
DA:7,7
DA:9,7
DA:10,2
DA:12,5
DA:14,5
DA:15,2
DA:18,3
DA:19,2
DA:21,1
LF:13
LH:13
BRDA:9,0,0,2
BRDA:9,0,1,5
BRDA:14,1,0,2
BRDA:14,1,1,3
BRDA:15,2,0,2
BRDA:15,2,1,1
BRDA:18,3,0,2
BRDA:18,3,1,1
BRDA:19,4,0,2
BRDA:19,4,1,1
BRF:10
BRH:10
end_of_record
TN:
SF:E:\f\be\ms-company\src\common\authentication.util.ts
FN:7,(anonymous_0)
FN:19,(anonymous_1)
FNF:2
FNH:2
FNDA:5,(anonymous_0)
FNDA:19,(anonymous_1)
DA:2,6
DA:3,6
DA:4,6
DA:5,6
DA:7,6
DA:12,5
DA:13,5
DA:14,1
DA:16,4
DA:19,6
DA:27,19
DA:29,19
DA:30,6
DA:32,13
LF:14
LH:14
BRDA:13,0,0,1
BRDA:13,0,1,4
BRDA:21,1,0,18
BRDA:29,2,0,6
BRDA:29,2,1,13
BRDA:29,3,0,19
BRDA:29,3,1,14
BRDA:29,3,2,1
BRF:8
BRH:8
end_of_record
TN:
SF:E:\f\be\ms-company\src\common\constant.ts
FN:1,(anonymous_0)
FN:54,(anonymous_1)
FN:81,(anonymous_2)
FNF:3
FNH:3
FNDA:65,(anonymous_0)
FNDA:65,(anonymous_1)
FNDA:65,(anonymous_2)
DA:1,65
DA:2,65
DA:3,65
DA:4,65
DA:6,65
DA:7,65
DA:8,65
DA:9,65
DA:10,65
DA:11,65
DA:12,65
DA:18,65
DA:19,65
DA:20,65
DA:21,65
DA:22,65
DA:23,65
DA:24,65
DA:26,65
DA:27,65
DA:28,65
DA:30,65
DA:31,65
DA:33,65
DA:34,65
DA:35,65
DA:37,65
DA:38,65
DA:40,65
DA:41,65
DA:42,65
DA:44,65
DA:48,65
DA:54,65
DA:55,65
DA:56,65
DA:59,65
DA:75,65
DA:79,65
DA:81,65
DA:82,65
DA:83,65
DA:84,65
DA:85,65
DA:88,65
DA:94,65
LF:46
LH:46
BRDA:1,0,0,65
BRDA:1,0,1,65
BRDA:54,1,0,65
BRDA:54,1,1,65
BRDA:81,2,0,65
BRDA:81,2,1,65
BRF:6
BRH:6
end_of_record
TN:
SF:E:\f\be\ms-company\src\common\errors.ts
FN:4,(anonymous_0)
FN:402,(anonymous_1)
FN:406,(anonymous_2)
FNF:3
FNH:3
FNDA:122,(anonymous_0)
FNDA:122,(anonymous_1)
FNDA:3,(anonymous_2)
DA:1,122
DA:4,122
DA:5,122
DA:6,122
DA:7,122
DA:8,122
DA:9,122
DA:10,122
DA:11,122
DA:12,122
DA:13,122
DA:14,122
DA:15,122
DA:16,122
DA:17,122
DA:18,122
DA:19,122
DA:20,122
DA:21,122
DA:22,122
DA:23,122
DA:24,122
DA:25,122
DA:26,122
DA:27,122
DA:28,122
DA:29,122
DA:30,122
DA:31,122
DA:32,122
DA:33,122
DA:34,122
DA:35,122
DA:36,122
DA:38,122
DA:39,122
DA:40,122
DA:41,122
DA:42,122
DA:44,122
DA:45,122
DA:46,122
DA:47,122
DA:48,122
DA:49,122
DA:50,122
DA:51,122
DA:52,122
DA:53,122
DA:55,122
DA:56,122
DA:57,122
DA:58,122
DA:59,122
DA:60,122
DA:61,122
DA:62,122
DA:63,122
DA:64,122
DA:65,122
DA:67,122
DA:68,122
DA:70,122
DA:71,122
DA:72,122
DA:73,122
DA:75,122
DA:76,122
DA:77,122
DA:79,122
DA:80,122
DA:81,122
DA:82,122
DA:83,122
DA:84,122
DA:87,122
DA:92,122
DA:398,122
DA:400,122
DA:402,122
DA:403,122
DA:406,122
DA:410,3
DA:419,122
DA:420,122
DA:421,122
DA:422,122
DA:423,122
DA:424,122
DA:425,122
LF:90
LH:90
BRDA:4,0,0,122
BRDA:4,0,1,122
BRDA:402,1,0,122
BRDA:402,1,1,122
BRDA:412,2,0,3
BRDA:412,2,1,1
BRF:6
BRH:6
end_of_record
TN:
SF:E:\f\be\ms-company\src\common\file.util.ts
FN:7,(anonymous_7)
FN:11,(anonymous_8)
FN:13,(anonymous_9)
FN:15,(anonymous_10)
FNF:4
FNH:4
FNDA:2,(anonymous_7)
FNDA:4,(anonymous_8)
FNDA:4,(anonymous_9)
FNDA:4,(anonymous_10)
DA:1,24
DA:2,24
DA:5,24
DA:7,24
DA:8,2
DA:11,24
DA:13,4
DA:14,4
DA:15,4
DA:16,4
DA:18,4
LF:11
LH:11
BRDA:16,0,0,2
BRDA:16,0,1,2
BRF:2
BRH:2
end_of_record
TN:
SF:E:\f\be\ms-company\src\common\handleValidationErrors.ts
FN:10,(anonymous_0)
FN:21,(anonymous_1)
FNF:2
FNH:2
FNDA:39,(anonymous_0)
FNDA:37,(anonymous_1)
DA:3,9
DA:4,9
DA:10,9
DA:15,39
DA:16,1
DA:18,38
DA:19,28
DA:20,28
DA:22,37
DA:23,37
DA:24,4
DA:26,33
DA:31,1
DA:33,33
DA:35,33
DA:37,33
DA:38,33
DA:44,33
DA:48,28
DA:51,10
DA:54,9
LF:21
LH:21
BRDA:15,0,0,1
BRDA:15,0,1,38
BRDA:18,1,0,28
BRDA:18,1,1,10
BRDA:23,2,0,4
BRDA:23,2,1,33
BRDA:23,3,0,37
BRDA:23,3,1,9
BRDA:26,4,0,1
BRDA:26,4,1,32
BRDA:27,5,0,33
BRDA:27,5,1,28
BRDA:27,5,2,1
BRDA:33,6,0,33
BRDA:33,6,1,0
BRDA:35,7,0,33
BRDA:35,7,1,31
BRF:17
BRH:16
end_of_record
TN:
SF:E:\f\be\ms-company\src\common\httpClient.ts
FN:11,(anonymous_1)
FNF:1
FNH:1
FNDA:31,(anonymous_1)
DA:1,26
DA:6,26
DA:8,26
DA:9,26
DA:11,26
DA:15,31
DA:16,30
DA:19,1
DA:22,26
LF:9
LH:9
BRDA:13,0,0,1
BRDA:15,1,0,30
BRDA:15,1,1,1
BRF:3
BRH:3
end_of_record
TN:
SF:E:\f\be\ms-company\src\common\kafkaConfig.ts
FN:6,(anonymous_0)
FN:7,(anonymous_1)
FNF:2
FNH:1
FNDA:10,(anonymous_0)
FNDA:0,(anonymous_1)
DA:1,2
DA:2,2
DA:4,2
DA:6,10
DA:8,0
DA:9,0
DA:15,0
DA:16,0
DA:20,0
DA:21,0
DA:27,0
LF:11
LH:4
BRDA:8,0,0,0
BRDA:8,0,1,0
BRDA:10,1,0,0
BRDA:10,1,1,0
BRDA:10,1,2,0
BRDA:10,1,3,0
BRDA:15,2,0,0
BRDA:15,2,1,0
BRDA:17,3,0,0
BRDA:17,3,1,0
BRDA:20,4,0,0
BRDA:20,4,1,0
BRDA:22,5,0,0
BRDA:22,5,1,0
BRDA:22,5,2,0
BRF:15
BRH:0
end_of_record
TN:
SF:E:\f\be\ms-company\src\common\kafkaConsumer.ts
FN:20,(anonymous_1)
FNF:1
FNH:0
FNDA:0,(anonymous_1)
DA:1,0
DA:2,0
DA:3,0
DA:4,0
DA:5,0
DA:6,0
DA:7,0
DA:8,0
DA:10,0
DA:12,0
DA:20,0
DA:21,0
DA:28,0
DA:32,0
LF:14
LH:0
BRF:0
BRH:0
end_of_record
TN:
SF:E:\f\be\ms-company\src\common\kafkaProcessEnum.ts
FN:1,(anonymous_0)
FNF:1
FNH:1
FNDA:2,(anonymous_0)
DA:1,2
DA:2,2
DA:3,2
DA:5,2
DA:6,2
LF:5
LH:5
BRDA:1,0,0,2
BRDA:1,0,1,2
BRF:2
BRH:2
end_of_record
TN:
SF:E:\f\be\ms-company\src\common\kafkaProducer.ts
FNF:0
FNH:0
DA:1,9
DA:2,9
DA:3,9
DA:4,9
DA:5,9
DA:9,9
DA:11,9
LF:7
LH:7
BRF:0
BRH:0
end_of_record
TN:
SF:E:\f\be\ms-company\src\common\mongoDb.ts
FN:15,(anonymous_1)
FN:16,(anonymous_2)
FN:33,(anonymous_3)
FN:41,(anonymous_4)
FN:48,(anonymous_5)
FN:52,(anonymous_6)
FN:68,(anonymous_7)
FNF:7
FNH:4
FNDA:2,(anonymous_1)
FNDA:2,(anonymous_2)
FNDA:1,(anonymous_3)
FNDA:0,(anonymous_4)
FNDA:0,(anonymous_5)
FNDA:0,(anonymous_6)
FNDA:2,(anonymous_7)
DA:2,1
DA:4,1
DA:5,1
DA:6,1
DA:8,1
DA:9,1
DA:10,1
DA:11,1
DA:12,1
DA:13,1
DA:15,1
DA:16,2
DA:19,2
DA:20,2
DA:21,2
DA:22,2
DA:23,2
DA:26,2
DA:28,2
DA:29,1
DA:30,1
DA:33,1
DA:34,1
DA:37,1
DA:38,1
DA:41,1
DA:42,0
DA:43,0
DA:45,0
DA:48,1
DA:49,0
DA:52,1
DA:53,0
DA:56,1
DA:68,1
DA:70,2
DA:74,1
DA:76,1
DA:77,1
DA:80,2
DA:81,2
LF:41
LH:36
BRDA:21,0,0,2
BRDA:21,0,1,2
BRDA:22,1,0,2
BRDA:22,1,1,2
BRDA:28,2,0,1
BRDA:28,2,1,1
BRDA:37,3,0,1
BRDA:37,3,1,0
BRDA:42,4,0,0
BRDA:42,4,1,0
BRDA:70,5,0,1
BRDA:70,5,1,1
BRDA:71,6,0,2
BRDA:71,6,1,2
BRF:14
BRH:11
end_of_record
TN:
SF:E:\f\be\ms-company\src\common\redis.ts
FNF:0
FNH:0
DA:1,0
DA:2,0
DA:3,0
DA:5,0
DA:7,0
LF:5
LH:0
BRF:0
BRH:0
end_of_record
TN:
SF:E:\f\be\ms-company\src\common\redisCache.ts
FNF:0
FNH:0
DA:1,0
DA:2,0
DA:3,0
DA:5,0
DA:7,0
LF:5
LH:0
BRF:0
BRH:0
end_of_record
TN:
SF:E:\f\be\ms-company\src\common\redisUtil.ts
FN:7,(anonymous_8)
FN:7,(anonymous_9)
FNF:2
FNH:0
FNDA:0,(anonymous_8)
FNDA:0,(anonymous_9)
DA:1,0
DA:2,0
DA:3,0
DA:5,0
DA:7,0
DA:8,0
DA:11,0
DA:15,0
LF:8
LH:0
BRF:0
BRH:0
end_of_record
TN:
SF:E:\f\be\ms-company\src\common\util.ts
FN:5,(anonymous_0)
FN:14,(anonymous_1)
FN:21,(anonymous_2)
FN:51,(anonymous_3)
FNF:4
FNH:4
FNDA:23,(anonymous_0)
FNDA:9,(anonymous_1)
FNDA:37,(anonymous_2)
FNDA:30,(anonymous_3)
DA:1,20
DA:2,20
DA:3,20
DA:5,20
DA:8,23
DA:9,20
DA:11,3
DA:14,20
DA:15,9
DA:16,6
DA:18,3
DA:21,20
DA:25,37
DA:26,37
DA:27,37
DA:28,36
DA:30,36
DA:31,1
DA:43,35
DA:44,35
DA:45,209
DA:48,35
DA:51,20
DA:55,30
DA:56,30
LF:25
LH:25
BRDA:8,0,0,20
BRDA:8,0,1,3
BRDA:8,1,0,23
BRDA:8,1,1,20
BRDA:15,2,0,6
BRDA:15,2,1,3
BRDA:30,3,0,1
BRDA:30,3,1,35
BRF:8
BRH:8
end_of_record
TN:
SF:E:\f\be\ms-company\src\common\validation.ts
FN:23,(anonymous_8)
FN:27,(anonymous_9)
FN:35,(anonymous_10)
FN:35,(anonymous_11)
FN:75,(anonymous_12)
FN:89,(anonymous_13)
FNF:6
FNH:6
FNDA:6,(anonymous_8)
FNDA:6,(anonymous_9)
FNDA:7,(anonymous_10)
FNDA:7,(anonymous_11)
FNDA:2,(anonymous_12)
FNDA:4,(anonymous_13)
DA:1,12
DA:2,12
DA:6,12
DA:7,12
DA:8,12
DA:9,12
DA:23,12
DA:27,6
DA:28,6
DA:29,4
DA:35,12
DA:36,7
DA:38,7
DA:39,4
DA:47,7
DA:48,1
DA:56,7
DA:57,1
DA:65,7
DA:66,0
DA:75,7
DA:76,2
DA:77,1
DA:82,1
DA:88,5
DA:89,5
DA:90,4
DA:91,1
DA:97,5
DA:98,1
DA:109,12
LF:31
LH:30
BRDA:38,0,0,4
BRDA:38,0,1,3
BRDA:47,1,0,1
BRDA:47,1,1,6
BRDA:56,2,0,1
BRDA:56,2,1,6
BRDA:65,3,0,0
BRDA:65,3,1,7
BRDA:76,4,0,1
BRDA:76,4,1,1
BRDA:76,5,0,2
BRDA:76,5,1,2
BRDA:90,6,0,1
BRDA:90,6,1,3
BRDA:97,7,0,1
BRDA:97,7,1,4
BRF:16
BRH:15
end_of_record
TN:
SF:E:\f\be\ms-company\src\common\validator.ts
FN:5,(anonymous_0)
FN:14,(anonymous_1)
FNF:2
FNH:2
FNDA:8,(anonymous_0)
FNDA:8,(anonymous_1)
DA:1,9
DA:2,9
DA:5,9
DA:6,8
DA:7,0
DA:14,9
DA:15,8
LF:7
LH:6
BRDA:6,0,0,0
BRDA:6,0,1,8
BRF:2
BRH:1
end_of_record
TN:
SF:E:\f\be\ms-company\src\configuration\configuration.repository.ts
FN:15,(anonymous_8)
FN:18,(anonymous_9)
FN:42,(anonymous_10)
FN:44,(anonymous_11)
FNF:4
FNH:4
FNDA:3,(anonymous_8)
FNDA:3,(anonymous_9)
FNDA:2,(anonymous_10)
FNDA:2,(anonymous_11)
DA:8,17
DA:9,17
DA:11,17
DA:12,17
DA:13,17
DA:15,17
DA:18,3
DA:19,3
DA:23,3
DA:24,3
DA:28,2
DA:30,2
DA:31,2
DA:33,1
DA:38,1
DA:42,17
DA:44,2
DA:45,2
DA:49,2
DA:50,2
DA:54,2
DA:55,2
DA:56,2
DA:59,17
DA:64,17
LF:25
LH:25
BRF:0
BRH:0
end_of_record
TN:
SF:E:\f\be\ms-company\src\configuration\httpClient.ts
FNF:0
FNH:0
DA:1,16
DA:2,16
DA:4,16
DA:5,16
DA:7,16
DA:9,16
DA:15,16
LF:7
LH:7
BRF:0
BRH:0
end_of_record
TN:
SF:E:\f\be\ms-company\src\configuration\queries\fileUploadParameter.ts
FNF:0
FNH:0
DA:1,17
DA:14,17
LF:2
LH:2
BRF:0
BRH:0
end_of_record
TN:
SF:E:\f\be\ms-company\src\configuration\queries\parameterSetting.ts
FNF:0
FNH:0
DA:1,17
DA:11,17
DA:21,17
LF:3
LH:3
BRF:0
BRH:0
end_of_record
TN:
SF:E:\f\be\ms-company\src\customer\customer.consumer.ts
FN:24,(anonymous_8)
FN:26,(anonymous_9)
FN:63,(anonymous_10)
FN:63,(anonymous_11)
FN:69,(anonymous_12)
FN:69,(anonymous_13)
FN:87,(anonymous_14)
FN:87,(anonymous_15)
FN:93,(anonymous_16)
FN:93,(anonymous_17)
FNF:10
FNH:6
FNDA:3,(anonymous_8)
FNDA:3,(anonymous_9)
FNDA:2,(anonymous_10)
FNDA:2,(anonymous_11)
FNDA:0,(anonymous_12)
FNDA:0,(anonymous_13)
FNDA:2,(anonymous_14)
FNDA:2,(anonymous_15)
FNDA:0,(anonymous_16)
FNDA:0,(anonymous_17)
DA:6,1
DA:12,1
DA:13,1
DA:14,1
DA:15,1
DA:16,1
DA:17,1
DA:18,1
DA:19,1
DA:20,1
DA:21,1
DA:23,1
DA:26,3
DA:27,3
DA:28,1
DA:30,2
DA:33,2
DA:40,2
DA:41,2
DA:42,0
DA:46,0
DA:49,2
DA:50,0
DA:53,2
DA:57,2
DA:63,2
DA:64,2
DA:67,2
DA:69,0
DA:70,0
DA:74,0
DA:80,2
DA:87,2
DA:88,2
DA:91,2
DA:93,0
DA:94,0
DA:98,0
DA:105,1
DA:109,1
LF:40
LH:31
BRDA:27,0,0,1
BRDA:27,0,1,2
BRDA:41,1,0,0
BRDA:41,1,1,2
BRDA:49,2,0,0
BRDA:49,2,1,2
BRDA:49,3,0,2
BRDA:49,3,1,2
BRDA:49,3,2,2
BRDA:53,4,0,2
BRDA:53,4,1,0
BRDA:54,5,0,2
BRDA:54,5,1,1
BRF:13
BRH:10
end_of_record
TN:
SF:E:\f\be\ms-company\src\customer\customer.repository.ts
FN:17,(anonymous_8)
FN:17,(anonymous_9)
FN:37,(anonymous_10)
FN:41,(anonymous_11)
FN:62,(anonymous_12)
FN:62,(anonymous_13)
FN:68,(anonymous_14)
FN:68,(anonymous_15)
FNF:8
FNH:8
FNDA:2,(anonymous_8)
FNDA:2,(anonymous_9)
FNDA:2,(anonymous_10)
FNDA:2,(anonymous_11)
FNDA:1,(anonymous_12)
FNDA:1,(anonymous_13)
FNDA:1,(anonymous_14)
FNDA:1,(anonymous_15)
DA:1,17
DA:2,17
DA:3,17
DA:4,17
DA:5,17
DA:7,17
DA:8,17
DA:9,17
DA:11,17
DA:13,17
DA:14,17
DA:15,17
DA:17,17
DA:19,2
DA:20,2
DA:24,1
DA:31,1
DA:34,1
DA:37,17
DA:41,2
DA:42,2
DA:44,2
DA:45,2
DA:53,1
DA:57,1
DA:59,1
DA:62,17
DA:63,1
DA:64,1
DA:65,1
DA:68,17
DA:69,1
DA:70,1
DA:71,1
DA:74,17
DA:80,17
LF:36
LH:36
BRF:0
BRH:0
end_of_record
TN:
SF:E:\f\be\ms-company\src\customer\customer.service.ts
FN:8,(anonymous_8)
FN:8,(anonymous_9)
FN:21,(anonymous_10)
FN:23,(anonymous_11)
FNF:4
FNH:4
FNDA:2,(anonymous_8)
FNDA:2,(anonymous_9)
FNDA:2,(anonymous_10)
FNDA:2,(anonymous_11)
DA:1,4
DA:3,4
DA:4,4
DA:5,4
DA:8,4
DA:9,2
DA:10,2
DA:12,2
DA:13,1
DA:15,1
DA:17,1
DA:21,4
DA:23,2
DA:24,2
DA:25,2
DA:26,2
DA:27,1
DA:29,1
DA:31,1
DA:35,4
DA:40,4
LF:21
LH:21
BRDA:12,0,0,1
BRDA:12,0,1,1
BRDA:26,1,0,1
BRDA:26,1,1,1
BRF:4
BRH:4
end_of_record
TN:
SF:E:\f\be\ms-company\src\customer\httpClient.ts
FNF:0
FNH:0
DA:1,17
DA:2,17
DA:4,17
DA:6,17
DA:13,17
LF:5
LH:5
BRF:0
BRH:0
end_of_record
TN:
SF:E:\f\be\ms-company\src\digitalSignature\digitalSignature.consumer.ts
FN:14,(anonymous_8)
FN:16,(anonymous_9)
FNF:2
FNH:2
FNDA:2,(anonymous_8)
FNDA:2,(anonymous_9)
DA:5,1
DA:9,1
DA:10,1
DA:11,1
DA:12,1
DA:13,1
DA:16,2
DA:17,2
DA:18,1
DA:20,1
DA:23,1
DA:25,1
DA:28,1
DA:31,1
LF:14
LH:14
BRDA:17,0,0,1
BRDA:17,0,1,1
BRF:2
BRH:2
end_of_record
TN:
SF:E:\f\be\ms-company\src\digitalSignature\digitalSignature.controller.ts
FN:39,(anonymous_8)
FN:42,(anonymous_9)
FN:79,(anonymous_10)
FN:82,(anonymous_11)
FN:122,(anonymous_12)
FN:125,(anonymous_13)
FN:160,(anonymous_14)
FN:163,(anonymous_15)
FNF:8
FNH:8
FNDA:1,(anonymous_8)
FNDA:1,(anonymous_9)
FNDA:1,(anonymous_10)
FNDA:1,(anonymous_11)
FNDA:1,(anonymous_12)
FNDA:1,(anonymous_13)
FNDA:1,(anonymous_14)
FNDA:1,(anonymous_15)
DA:2,2
DA:3,2
DA:4,2
DA:20,2
DA:22,2
DA:42,1
DA:43,1
DA:46,1
DA:66,2
DA:82,1
DA:83,1
DA:87,1
DA:107,2
DA:125,1
DA:126,1
DA:127,1
DA:147,2
DA:163,1
DA:164,1
DA:168,1
DA:188,2
DA:195,2
LF:22
LH:22
BRF:0
BRH:0
end_of_record
TN:
SF:E:\f\be\ms-company\src\digitalSignature\digitalSignature.model.ts
FN:133,(anonymous_1)
FN:137,(anonymous_2)
FN:141,(anonymous_3)
FNF:3
FNH:3
FNDA:8,(anonymous_1)
FNDA:2,(anonymous_2)
FNDA:1,(anonymous_3)
DA:1,5
DA:5,5
DA:6,5
DA:14,5
DA:16,5
DA:34,5
DA:43,5
DA:64,5
DA:79,5
DA:133,5
DA:135,8
DA:137,5
DA:139,2
DA:141,5
DA:143,1
DA:145,5
LF:16
LH:16
BRF:0
BRH:0
end_of_record
TN:
SF:E:\f\be\ms-company\src\digitalSignature\digitalSignature.producer.ts
FN:7,(anonymous_8)
FN:7,(anonymous_9)
FNF:2
FNH:2
FNDA:1,(anonymous_8)
FNDA:1,(anonymous_9)
DA:1,5
DA:2,5
DA:7,5
DA:8,1
DA:11,1
DA:22,5
DA:26,5
LF:7
LH:7
BRF:0
BRH:0
end_of_record
TN:
SF:E:\f\be\ms-company\src\digitalSignature\digitalSignature.repository.ts
FN:21,(anonymous_7)
FN:23,(anonymous_8)
FN:32,(anonymous_9)
FN:34,(anonymous_10)
FN:41,(anonymous_11)
FN:45,(anonymous_12)
FN:66,(anonymous_13)
FN:70,(anonymous_14)
FN:91,(anonymous_15)
FN:94,(anonymous_16)
FN:110,(anonymous_17)
FN:114,(anonymous_18)
FN:134,(anonymous_19)
FN:137,(anonymous_20)
FN:147,(anonymous_21)
FN:152,(anonymous_22)
FNF:16
FNH:16
FNDA:1,(anonymous_7)
FNDA:1,(anonymous_8)
FNDA:1,(anonymous_9)
FNDA:1,(anonymous_10)
FNDA:2,(anonymous_11)
FNDA:2,(anonymous_12)
FNDA:2,(anonymous_13)
FNDA:2,(anonymous_14)
FNDA:1,(anonymous_15)
FNDA:1,(anonymous_16)
FNDA:1,(anonymous_17)
FNDA:1,(anonymous_18)
FNDA:2,(anonymous_19)
FNDA:2,(anonymous_20)
FNDA:2,(anonymous_21)
FNDA:2,(anonymous_22)
DA:1,5
DA:2,5
DA:3,5
DA:4,5
DA:18,5
DA:19,5
DA:21,5
DA:23,1
DA:24,1
DA:27,1
DA:32,5
DA:34,1
DA:35,1
DA:38,1
DA:41,5
DA:45,2
DA:46,2
DA:60,2
DA:63,2
DA:66,5
DA:70,2
DA:71,2
DA:85,2
DA:88,2
DA:91,5
DA:94,1
DA:95,1
DA:104,1
DA:107,1
DA:110,5
DA:114,1
DA:115,1
DA:125,1
DA:128,1
DA:134,5
DA:137,2
DA:138,2
DA:142,2
DA:143,1
DA:144,1
DA:147,5
DA:152,2
DA:153,2
DA:154,1
DA:166,1
DA:177,2
DA:180,2
DA:183,5
DA:194,5
LF:49
LH:49
BRDA:38,0,0,1
BRDA:38,0,1,1
BRDA:52,1,0,1
BRDA:52,1,1,1
BRDA:63,2,0,2
BRDA:63,2,1,2
BRDA:77,3,0,1
BRDA:77,3,1,1
BRDA:88,4,0,2
BRDA:88,4,1,2
BRDA:107,5,0,1
BRDA:107,5,1,1
BRDA:129,6,0,1
BRDA:129,6,1,1
BRDA:142,7,0,1
BRDA:142,7,1,1
BRDA:153,8,0,1
BRDA:153,8,1,1
BRDA:180,9,0,2
BRDA:180,9,1,2
BRF:20
BRH:20
end_of_record
TN:
SF:E:\f\be\ms-company\src\digitalSignature\digitalSignature.service.ts
FN:59,(anonymous_9)
FN:62,(anonymous_10)
FN:83,(anonymous_11)
FN:87,(anonymous_12)
FN:116,(anonymous_13)
FN:118,(anonymous_14)
FN:158,(anonymous_15)
FN:161,(anonymous_16)
FN:193,(anonymous_17)
FN:197,(anonymous_18)
FN:237,(anonymous_19)
FN:240,(anonymous_20)
FN:269,(anonymous_21)
FN:272,(anonymous_22)
FN:292,(anonymous_23)
FN:292,(anonymous_24)
FN:309,(anonymous_25)
FN:312,(anonymous_26)
FN:330,(anonymous_27)
FN:333,(anonymous_28)
FN:358,(anonymous_29)
FN:361,(anonymous_30)
FN:396,(anonymous_31)
FN:399,(anonymous_32)
FN:480,(anonymous_33)
FN:483,(anonymous_34)
FN:538,(anonymous_35)
FN:541,(anonymous_36)
FN:569,(anonymous_37)
FN:571,(anonymous_38)
FN:632,(anonymous_39)
FN:635,(anonymous_40)
FNF:32
FNH:32
FNDA:3,(anonymous_9)
FNDA:3,(anonymous_10)
FNDA:6,(anonymous_11)
FNDA:6,(anonymous_12)
FNDA:6,(anonymous_13)
FNDA:6,(anonymous_14)
FNDA:2,(anonymous_15)
FNDA:2,(anonymous_16)
FNDA:5,(anonymous_17)
FNDA:5,(anonymous_18)
FNDA:3,(anonymous_19)
FNDA:3,(anonymous_20)
FNDA:5,(anonymous_21)
FNDA:5,(anonymous_22)
FNDA:6,(anonymous_23)
FNDA:6,(anonymous_24)
FNDA:4,(anonymous_25)
FNDA:4,(anonymous_26)
FNDA:4,(anonymous_27)
FNDA:4,(anonymous_28)
FNDA:17,(anonymous_29)
FNDA:17,(anonymous_30)
FNDA:17,(anonymous_31)
FNDA:17,(anonymous_32)
FNDA:21,(anonymous_33)
FNDA:21,(anonymous_34)
FNDA:5,(anonymous_35)
FNDA:5,(anonymous_36)
FNDA:7,(anonymous_37)
FNDA:7,(anonymous_38)
FNDA:4,(anonymous_39)
FNDA:4,(anonymous_40)
DA:1,4
DA:2,4
DA:3,4
DA:4,4
DA:5,4
DA:7,4
DA:19,4
DA:20,4
DA:21,4
DA:22,4
DA:23,4
DA:35,4
DA:36,4
DA:37,4
DA:43,4
DA:44,4
DA:45,4
DA:47,4
DA:48,4
DA:49,4
DA:50,4
DA:56,4
DA:57,4
DA:59,4
DA:62,3
DA:63,3
DA:64,3
DA:65,3
DA:72,2
DA:74,1
DA:83,4
DA:87,6
DA:88,6
DA:89,1
DA:97,5
DA:98,1
DA:106,4
DA:107,1
DA:116,4
DA:118,6
DA:119,6
DA:123,6
DA:125,3
DA:127,3
DA:129,3
DA:131,2
DA:136,2
DA:139,2
DA:146,2
DA:147,1
DA:150,2
DA:154,2
DA:155,2
DA:158,4
DA:161,2
DA:162,2
DA:170,2
DA:171,1
DA:175,2
DA:177,2
DA:178,1
DA:184,1
DA:190,2
DA:193,4
DA:197,5
DA:198,5
DA:203,3
DA:205,2
DA:208,2
DA:210,2
DA:216,2
DA:229,2
DA:234,2
DA:237,4
DA:240,3
DA:241,3
DA:247,3
DA:248,1
DA:251,3
DA:253,3
DA:254,2
DA:260,1
DA:266,3
DA:269,4
DA:272,5
DA:273,5
DA:278,2
DA:279,3
DA:283,3
DA:287,3
DA:289,3
DA:292,6
DA:293,6
DA:294,6
DA:295,5
DA:296,5
DA:299,5
DA:305,5
DA:309,4
DA:312,4
DA:313,4
DA:315,3
DA:323,3
DA:327,3
DA:330,4
DA:333,4
DA:335,4
DA:336,4
DA:338,3
DA:339,1
DA:342,1
DA:345,2
DA:351,2
DA:352,1
DA:355,1
DA:358,4
DA:361,17
DA:362,17
DA:364,17
DA:371,17
DA:372,16
DA:375,1
DA:376,1
DA:377,1
DA:378,1
DA:385,1
DA:386,1
DA:387,1
DA:388,1
DA:393,1
DA:396,4
DA:399,17
DA:400,17
DA:402,17
DA:406,7
DA:409,10
DA:412,10
DA:413,10
DA:415,10
DA:416,8
DA:420,10
DA:421,7
DA:422,7
DA:423,3
DA:425,4
DA:429,4
DA:431,3
DA:434,1
DA:436,2
DA:439,10
DA:440,10
DA:441,7
DA:443,7
DA:444,6
DA:447,7
DA:456,10
DA:464,10
DA:471,10
DA:472,9
DA:473,9
DA:474,9
DA:477,10
DA:480,4
DA:483,21
DA:484,21
DA:489,21
DA:490,1
DA:498,20
DA:499,1
DA:502,19
DA:503,2
DA:506,17
DA:508,17
DA:512,17
DA:513,2
DA:514,2
DA:515,15
DA:516,10
DA:517,10
DA:518,5
DA:519,3
DA:524,1
DA:525,1
DA:527,2
DA:528,2
DA:530,2
DA:531,1
DA:532,1
DA:535,17
DA:538,4
DA:541,5
DA:543,5
DA:544,5
DA:545,5
DA:546,4
DA:547,4
DA:554,4
DA:558,4
DA:559,4
DA:561,1
DA:566,4
DA:569,4
DA:571,7
DA:572,7
DA:575,7
DA:576,1
DA:583,6
DA:587,6
DA:593,1
DA:600,5
DA:602,4
DA:603,4
DA:604,3
DA:617,3
DA:618,1
DA:622,4
DA:629,4
DA:632,4
DA:635,4
DA:636,4
DA:640,4
DA:646,1
DA:652,3
DA:658,1
DA:664,2
DA:666,2
DA:667,1
DA:673,1
DA:679,4
DA:687,4
LF:230
LH:230
BRDA:88,0,0,1
BRDA:88,0,1,5
BRDA:97,1,0,1
BRDA:97,1,1,4
BRDA:106,2,0,1
BRDA:106,2,1,3
BRDA:146,3,0,1
BRDA:146,3,1,1
BRDA:170,4,0,1
BRDA:170,4,1,1
BRDA:170,5,0,2
BRDA:170,5,1,2
BRDA:177,6,0,1
BRDA:177,6,1,1
BRDA:190,7,0,2
BRDA:190,7,1,1
BRDA:198,8,0,3
BRDA:198,8,1,2
BRDA:247,9,0,1
BRDA:247,9,1,2
BRDA:253,10,0,2
BRDA:253,10,1,1
BRDA:266,11,0,3
BRDA:266,11,1,3
BRDA:273,12,0,2
BRDA:273,12,1,3
BRDA:294,13,0,5
BRDA:294,13,1,1
BRDA:294,14,0,6
BRDA:294,14,1,5
BRDA:338,15,0,1
BRDA:338,15,1,2
BRDA:351,16,0,1
BRDA:351,16,1,1
BRDA:364,17,0,17
BRDA:364,17,1,15
BRDA:364,17,2,16
BRDA:364,17,3,14
BRDA:371,18,0,16
BRDA:371,18,1,1
BRDA:371,19,0,17
BRDA:371,19,1,7
BRDA:375,20,0,1
BRDA:375,20,1,0
BRDA:385,21,0,1
BRDA:385,21,1,0
BRDA:402,22,0,7
BRDA:402,22,1,10
BRDA:403,23,0,17
BRDA:403,23,1,17
BRDA:415,24,0,8
BRDA:415,24,1,2
BRDA:420,25,0,7
BRDA:420,25,1,3
BRDA:422,26,0,3
BRDA:422,26,1,4
BRDA:431,27,0,1
BRDA:431,27,1,2
BRDA:440,28,0,7
BRDA:440,28,1,3
BRDA:443,29,0,6
BRDA:443,29,1,1
BRDA:471,30,0,9
BRDA:471,30,1,1
BRDA:489,31,0,1
BRDA:489,31,1,20
BRDA:498,32,0,1
BRDA:498,32,1,19
BRDA:502,33,0,2
BRDA:502,33,1,17
BRDA:512,34,0,2
BRDA:512,34,1,15
BRDA:515,35,0,10
BRDA:515,35,1,5
BRDA:518,36,0,3
BRDA:518,36,1,2
BRDA:519,37,0,1
BRDA:519,37,1,2
BRDA:520,38,0,3
BRDA:520,38,1,2
BRDA:530,39,0,1
BRDA:530,39,1,1
BRDA:575,40,0,1
BRDA:575,40,1,6
BRDA:587,41,0,1
BRDA:587,41,1,5
BRDA:588,42,0,6
BRDA:588,42,1,5
BRDA:588,42,2,3
BRDA:603,43,0,3
BRDA:603,43,1,1
BRDA:603,44,0,4
BRDA:603,44,1,4
BRDA:608,45,0,1
BRDA:608,45,1,2
BRDA:613,46,0,2
BRDA:613,46,1,1
BRDA:617,47,0,1
BRDA:617,47,1,2
BRDA:617,48,0,3
BRDA:617,48,1,1
BRDA:640,49,0,1
BRDA:640,49,1,3
BRDA:641,50,0,4
BRDA:641,50,1,4
BRDA:641,50,2,3
BRDA:652,51,0,1
BRDA:652,51,1,2
BRDA:653,52,0,3
BRDA:653,52,1,3
BRDA:653,52,2,2
BRDA:666,53,0,1
BRDA:666,53,1,1
BRDA:666,54,0,2
BRDA:666,54,1,2
BRF:115
BRH:113
end_of_record
TN:
SF:E:\f\be\ms-company\src\digitalSignature\digitalSignature.util.ts
FN:11,(anonymous_1)
FN:16,(anonymous_2)
FN:29,(anonymous_3)
FN:38,(anonymous_4)
FN:48,(anonymous_5)
FNF:5
FNH:5
FNDA:1,(anonymous_1)
FNDA:1,(anonymous_2)
FNDA:2,(anonymous_3)
FNDA:1,(anonymous_4)
FNDA:1,(anonymous_5)
DA:1,5
DA:3,5
DA:4,5
DA:11,5
DA:12,1
DA:13,1
DA:16,5
DA:20,1
DA:22,1
DA:29,5
DA:30,2
DA:31,1
DA:32,1
DA:33,1
DA:35,1
DA:38,5
DA:41,1
DA:48,5
DA:54,1
DA:55,1
DA:62,5
DA:70,5
LF:22
LH:22
BRDA:21,0,0,1
BRF:1
BRH:1
end_of_record
TN:
SF:E:\f\be\ms-company\src\documentSigning\documentSigning.consumer.ts
FN:19,(anonymous_8)
FN:21,(anonymous_9)
FN:33,(anonymous_10)
FN:33,(anonymous_11)
FN:37,(anonymous_12)
FN:37,(anonymous_13)
FN:48,(anonymous_14)
FN:50,(anonymous_15)
FN:62,(anonymous_16)
FN:62,(anonymous_17)
FN:66,(anonymous_18)
FN:66,(anonymous_19)
FN:77,(anonymous_20)
FN:79,(anonymous_21)
FN:92,(anonymous_22)
FN:92,(anonymous_23)
FN:96,(anonymous_24)
FN:96,(anonymous_25)
FNF:18
FNH:18
FNDA:3,(anonymous_8)
FNDA:3,(anonymous_9)
FNDA:1,(anonymous_10)
FNDA:1,(anonymous_11)
FNDA:1,(anonymous_12)
FNDA:1,(anonymous_13)
FNDA:3,(anonymous_14)
FNDA:3,(anonymous_15)
FNDA:1,(anonymous_16)
FNDA:1,(anonymous_17)
FNDA:1,(anonymous_18)
FNDA:1,(anonymous_19)
FNDA:3,(anonymous_20)
FNDA:3,(anonymous_21)
FNDA:1,(anonymous_22)
FNDA:1,(anonymous_23)
FNDA:1,(anonymous_24)
FNDA:1,(anonymous_25)
DA:5,1
DA:11,1
DA:12,1
DA:13,1
DA:14,1
DA:15,1
DA:16,1
DA:17,1
DA:19,1
DA:21,3
DA:22,3
DA:23,1
DA:25,2
DA:26,2
DA:27,2
DA:33,1
DA:34,1
DA:35,1
DA:37,1
DA:38,1
DA:42,1
DA:48,1
DA:50,3
DA:51,3
DA:52,1
DA:54,2
DA:55,2
DA:56,2
DA:62,1
DA:63,1
DA:64,1
DA:66,1
DA:67,1
DA:71,1
DA:77,1
DA:79,3
DA:80,3
DA:81,1
DA:83,2
DA:84,2
DA:86,2
DA:92,1
DA:93,1
DA:94,1
DA:96,1
DA:97,1
DA:101,1
DA:107,1
DA:113,1
DA:117,1
LF:50
LH:50
BRDA:22,0,0,1
BRDA:22,0,1,2
BRDA:51,1,0,1
BRDA:51,1,1,2
BRDA:80,2,0,1
BRDA:80,2,1,2
BRF:6
BRH:6
end_of_record
TN:
SF:E:\f\be\ms-company\src\documentSigning\documentSigning.controller.ts
FN:28,(anonymous_8)
FN:28,(anonymous_9)
FN:61,(anonymous_10)
FN:61,(anonymous_11)
FN:93,(anonymous_12)
FN:93,(anonymous_13)
FN:131,(anonymous_14)
FN:131,(anonymous_15)
FN:163,(anonymous_16)
FN:163,(anonymous_17)
FN:199,(anonymous_18)
FN:202,(anonymous_19)
FNF:12
FNH:12
FNDA:1,(anonymous_8)
FNDA:1,(anonymous_9)
FNDA:1,(anonymous_10)
FNDA:1,(anonymous_11)
FNDA:1,(anonymous_12)
FNDA:1,(anonymous_13)
FNDA:2,(anonymous_14)
FNDA:2,(anonymous_15)
FNDA:2,(anonymous_16)
FNDA:2,(anonymous_17)
FNDA:1,(anonymous_18)
FNDA:1,(anonymous_19)
DA:2,2
DA:3,2
DA:4,2
DA:5,2
DA:17,2
DA:19,2
DA:28,1
DA:29,1
DA:30,1
DA:32,1
DA:52,2
DA:61,1
DA:62,1
DA:63,1
DA:64,1
DA:84,2
DA:93,1
DA:94,1
DA:95,1
DA:102,1
DA:122,2
DA:131,2
DA:132,2
DA:133,2
DA:137,2
DA:157,2
DA:163,2
DA:164,2
DA:165,1
DA:167,1
DA:187,2
DA:202,1
DA:203,1
DA:208,1
DA:228,2
DA:236,2
LF:36
LH:36
BRF:0
BRH:0
end_of_record
TN:
SF:E:\f\be\ms-company\src\documentSigning\documentSigning.model.ts
FN:70,(anonymous_1)
FNF:1
FNH:1
FNDA:4,(anonymous_1)
DA:1,2
DA:2,2
DA:3,2
DA:7,2
DA:9,2
DA:70,2
DA:71,4
DA:73,2
DA:75,2
LF:9
LH:9
BRF:0
BRH:0
end_of_record
TN:
SF:E:\f\be\ms-company\src\documentSigning\documentSigning.producer.ts
FN:9,(anonymous_8)
FN:12,(anonymous_9)
FN:28,(anonymous_10)
FN:31,(anonymous_11)
FN:47,(anonymous_12)
FN:50,(anonymous_13)
FNF:6
FNH:6
FNDA:1,(anonymous_8)
FNDA:1,(anonymous_9)
FNDA:1,(anonymous_10)
FNDA:1,(anonymous_11)
FNDA:1,(anonymous_12)
FNDA:1,(anonymous_13)
DA:1,3
DA:2,3
DA:9,3
DA:12,1
DA:13,1
DA:17,1
DA:28,3
DA:31,1
DA:32,1
DA:36,1
DA:47,3
DA:50,1
DA:51,1
DA:55,1
DA:66,3
DA:72,3
LF:16
LH:16
BRF:0
BRH:0
end_of_record
TN:
SF:E:\f\be\ms-company\src\documentSigning\documentSigning.repository.ts
FN:13,(anonymous_8)
FN:15,(anonymous_9)
FN:22,(anonymous_10)
FN:25,(anonymous_11)
FN:33,(anonymous_12)
FN:37,(anonymous_13)
FN:64,(anonymous_14)
FN:66,(anonymous_15)
FN:73,(anonymous_16)
FN:80,(anonymous_17)
FN:110,(anonymous_18)
FN:112,(anonymous_19)
FN:153,(anonymous_20)
FN:156,(anonymous_21)
FNF:14
FNH:14
FNDA:1,(anonymous_8)
FNDA:1,(anonymous_9)
FNDA:2,(anonymous_10)
FNDA:2,(anonymous_11)
FNDA:2,(anonymous_12)
FNDA:2,(anonymous_13)
FNDA:2,(anonymous_14)
FNDA:2,(anonymous_15)
FNDA:2,(anonymous_16)
FNDA:2,(anonymous_17)
FNDA:2,(anonymous_18)
FNDA:2,(anonymous_19)
FNDA:1,(anonymous_20)
FNDA:1,(anonymous_21)
DA:1,3
DA:2,3
DA:10,3
DA:13,3
DA:15,1
DA:16,1
DA:19,1
DA:22,3
DA:25,2
DA:26,2
DA:30,2
DA:33,3
DA:37,2
DA:38,2
DA:45,2
DA:61,2
DA:64,3
DA:66,2
DA:67,2
DA:70,2
DA:73,3
DA:80,2
DA:81,2
DA:91,2
DA:107,2
DA:110,3
DA:112,2
DA:113,2
DA:133,2
DA:150,2
DA:153,3
DA:156,1
DA:157,1
DA:164,1
DA:167,3
DA:176,3
LF:36
LH:36
BRDA:19,0,0,1
BRDA:19,0,1,1
BRDA:30,1,0,2
BRDA:30,1,1,1
BRDA:70,2,0,2
BRDA:70,2,1,1
BRDA:119,3,0,1
BRDA:119,3,1,1
BRDA:122,4,0,1
BRDA:122,4,1,1
BRDA:125,5,0,1
BRDA:125,5,1,1
BRDA:164,6,0,1
BRDA:164,6,1,1
BRF:14
BRH:14
end_of_record
TN:
SF:E:\f\be\ms-company\src\documentSigning\documentSigning.service.ts
FN:61,(anonymous_9)
FN:66,(anonymous_10)
FN:69,(anonymous_11)
FN:83,(anonymous_12)
FN:87,(anonymous_13)
FN:95,(anonymous_14)
FN:103,(anonymous_15)
FN:134,(anonymous_16)
FN:140,(anonymous_17)
FN:144,(anonymous_18)
FN:146,(anonymous_19)
FN:161,(anonymous_20)
FN:167,(anonymous_21)
FN:221,(anonymous_22)
FN:231,(anonymous_23)
FN:282,(anonymous_24)
FN:288,(anonymous_25)
FN:333,(anonymous_26)
FN:335,(anonymous_27)
FN:386,(anonymous_28)
FN:386,(anonymous_29)
FN:426,(anonymous_30)
FN:431,(anonymous_31)
FN:474,(anonymous_32)
FN:477,(anonymous_33)
FN:522,(anonymous_34)
FN:524,(anonymous_35)
FN:591,(anonymous_36)
FN:594,(anonymous_37)
FN:672,(anonymous_38)
FN:684,(anonymous_39)
FN:717,(anonymous_40)
FN:721,(anonymous_41)
FN:742,(anonymous_42)
FN:744,(anonymous_43)
FN:769,(anonymous_44)
FN:772,(anonymous_45)
FNF:37
FNH:37
FNDA:7,(anonymous_9)
FNDA:28,(anonymous_10)
FNDA:28,(anonymous_11)
FNDA:19,(anonymous_12)
FNDA:19,(anonymous_13)
FNDA:14,(anonymous_14)
FNDA:14,(anonymous_15)
FNDA:5,(anonymous_16)
FNDA:5,(anonymous_17)
FNDA:3,(anonymous_18)
FNDA:3,(anonymous_19)
FNDA:8,(anonymous_20)
FNDA:8,(anonymous_21)
FNDA:7,(anonymous_22)
FNDA:7,(anonymous_23)
FNDA:7,(anonymous_24)
FNDA:7,(anonymous_25)
FNDA:9,(anonymous_26)
FNDA:9,(anonymous_27)
FNDA:4,(anonymous_28)
FNDA:4,(anonymous_29)
FNDA:6,(anonymous_30)
FNDA:6,(anonymous_31)
FNDA:7,(anonymous_32)
FNDA:7,(anonymous_33)
FNDA:4,(anonymous_34)
FNDA:4,(anonymous_35)
FNDA:5,(anonymous_36)
FNDA:5,(anonymous_37)
FNDA:4,(anonymous_38)
FNDA:4,(anonymous_39)
FNDA:5,(anonymous_40)
FNDA:5,(anonymous_41)
FNDA:3,(anonymous_42)
FNDA:3,(anonymous_43)
FNDA:6,(anonymous_44)
FNDA:6,(anonymous_45)
DA:1,2
DA:2,2
DA:3,2
DA:4,2
DA:9,2
DA:10,2
DA:11,2
DA:12,2
DA:13,2
DA:14,2
DA:15,2
DA:16,2
DA:17,2
DA:18,2
DA:19,2
DA:20,2
DA:21,2
DA:22,2
DA:23,2
DA:34,2
DA:38,2
DA:39,2
DA:40,2
DA:41,2
DA:42,2
DA:46,2
DA:47,2
DA:48,2
DA:49,2
DA:51,2
DA:59,2
DA:61,2
DA:62,7
DA:63,7
DA:66,2
DA:69,28
DA:70,28
DA:74,28
DA:75,7
DA:80,21
DA:83,2
DA:87,19
DA:88,19
DA:95,2
DA:103,14
DA:105,14
DA:106,5
DA:107,2
DA:109,3
DA:112,9
DA:114,14
DA:115,5
DA:124,9
DA:134,2
DA:140,5
DA:141,5
DA:144,2
DA:146,3
DA:147,3
DA:151,3
DA:152,1
DA:158,2
DA:161,2
DA:167,8
DA:168,8
DA:173,8
DA:174,1
DA:180,7
DA:182,7
DA:186,7
DA:190,7
DA:214,7
DA:215,1
DA:218,7
DA:221,2
DA:231,7
DA:233,7
DA:234,2
DA:235,1
DA:237,1
DA:240,5
DA:243,7
DA:244,2
DA:257,5
DA:270,7
DA:272,7
DA:273,1
DA:279,6
DA:282,2
DA:288,7
DA:289,7
DA:290,7
DA:291,7
DA:292,7
DA:294,7
DA:295,7
DA:297,7
DA:298,5
DA:300,2
DA:305,7
DA:317,6
DA:321,2
DA:324,4
DA:325,1
DA:330,3
DA:333,2
DA:335,9
DA:336,9
DA:341,9
DA:342,1
DA:347,8
DA:348,8
DA:351,8
DA:352,8
DA:353,1
DA:358,7
DA:360,7
DA:362,7
DA:370,6
DA:378,2
DA:383,2
DA:386,4
DA:387,4
DA:388,3
DA:394,3
DA:395,3
DA:400,3
DA:401,3
DA:402,3
DA:403,3
DA:405,3
DA:406,3
DA:407,1
DA:409,2
DA:412,3
DA:421,3
DA:422,2
DA:426,2
DA:431,6
DA:432,6
DA:433,4
DA:439,4
DA:444,4
DA:451,4
DA:452,4
DA:454,4
DA:455,4
DA:457,4
DA:469,4
DA:470,1
DA:474,2
DA:477,7
DA:478,7
DA:479,4
DA:480,1
DA:486,3
DA:490,2
DA:494,2
DA:495,1
DA:501,1
DA:503,1
DA:511,1
DA:519,1
DA:522,2
DA:524,4
DA:525,4
DA:527,4
DA:531,4
DA:532,4
DA:536,4
DA:538,4
DA:539,1
DA:545,3
DA:546,2
DA:548,2
DA:549,2
DA:550,2
DA:551,2
DA:552,2
DA:553,2
DA:556,2
DA:557,2
DA:558,2
DA:560,2
DA:565,2
DA:566,1
DA:572,1
DA:573,1
DA:574,1
DA:575,1
DA:576,1
DA:577,1
DA:579,1
DA:583,1
DA:588,2
DA:591,2
DA:594,5
DA:595,5
DA:596,4
DA:602,4
DA:604,4
DA:610,4
DA:612,4
DA:616,4
DA:617,4
DA:619,4
DA:631,4
DA:636,1
DA:638,3
DA:644,3
DA:646,3
DA:652,3
DA:653,3
DA:654,3
DA:655,3
DA:656,3
DA:667,3
DA:668,1
DA:672,2
DA:673,4
DA:679,4
DA:680,1
DA:684,2
DA:688,4
DA:690,3
DA:700,3
DA:707,3
DA:709,1
DA:711,1
DA:713,1
DA:717,2
DA:721,5
DA:722,5
DA:723,5
DA:724,1
DA:727,4
DA:728,4
DA:729,3
DA:730,3
DA:736,3
DA:742,2
DA:744,3
DA:745,3
DA:750,3
DA:751,1
DA:754,2
DA:756,2
DA:760,2
DA:761,1
DA:764,1
DA:769,2
DA:772,6
DA:773,6
DA:775,6
DA:782,6
DA:783,1
DA:788,5
DA:791,5
DA:795,3
DA:796,3
DA:797,3
DA:798,3
DA:800,2
DA:801,2
DA:802,2
DA:805,5
DA:807,5
DA:809,5
DA:810,5
DA:812,5
DA:819,5
DA:822,5
DA:823,5
DA:824,5
DA:828,5
DA:836,4
DA:838,4
DA:839,2
DA:841,1
DA:842,1
DA:843,1
DA:846,4
DA:855,2
DA:866,2
LF:284
LH:284
BRDA:74,0,0,7
BRDA:74,0,1,21
BRDA:105,1,0,5
BRDA:105,1,1,9
BRDA:106,2,0,2
BRDA:106,2,1,3
BRDA:106,3,0,5
BRDA:106,3,1,2
BRDA:114,4,0,5
BRDA:114,4,1,9
BRDA:151,5,0,1
BRDA:151,5,1,2
BRDA:170,6,0,1
BRDA:170,6,1,7
BRDA:173,7,0,1
BRDA:173,7,1,7
BRDA:183,8,0,5
BRDA:183,8,1,2
BRDA:187,9,0,5
BRDA:187,9,1,2
BRDA:214,10,0,1
BRDA:214,10,1,6
BRDA:233,11,0,2
BRDA:233,11,1,5
BRDA:234,12,0,1
BRDA:234,12,1,1
BRDA:234,13,0,2
BRDA:234,13,1,1
BRDA:243,14,0,2
BRDA:243,14,1,5
BRDA:272,15,0,1
BRDA:272,15,1,6
BRDA:297,16,0,5
BRDA:297,16,1,2
BRDA:297,17,0,7
BRDA:297,17,1,7
BRDA:302,18,0,2
BRDA:302,18,1,0
BRDA:317,19,0,2
BRDA:317,19,1,4
BRDA:318,20,0,6
BRDA:318,20,1,6
BRDA:318,20,2,6
BRDA:324,21,0,1
BRDA:324,21,1,3
BRDA:341,22,0,1
BRDA:341,22,1,8
BRDA:351,23,0,8
BRDA:351,23,1,1
BRDA:352,24,0,1
BRDA:352,24,1,7
BRDA:406,25,0,1
BRDA:406,25,1,2
BRDA:406,26,0,3
BRDA:406,26,1,3
BRDA:421,27,0,2
BRDA:421,27,1,1
BRDA:430,28,0,5
BRDA:461,29,0,3
BRDA:461,29,1,1
BRDA:469,30,0,1
BRDA:469,30,1,3
BRDA:469,31,0,4
BRDA:469,31,1,4
BRDA:469,31,2,4
BRDA:479,32,0,1
BRDA:479,32,1,3
BRDA:494,33,0,1
BRDA:494,33,1,1
BRDA:538,34,0,1
BRDA:538,34,1,3
BRDA:545,35,0,2
BRDA:545,35,1,1
BRDA:565,36,0,1
BRDA:565,36,1,1
BRDA:623,37,0,3
BRDA:623,37,1,1
BRDA:631,38,0,1
BRDA:631,38,1,3
BRDA:632,39,0,4
BRDA:632,39,1,4
BRDA:632,39,2,4
BRDA:660,40,0,2
BRDA:660,40,1,1
BRDA:667,41,0,1
BRDA:667,41,1,2
BRDA:667,42,0,3
BRDA:667,42,1,3
BRDA:667,42,2,3
BRDA:679,43,0,1
BRDA:679,43,1,3
BRDA:708,44,0,1
BRDA:708,44,1,1
BRDA:708,44,2,1
BRDA:723,45,0,1
BRDA:723,45,1,4
BRDA:750,46,0,1
BRDA:750,46,1,2
BRDA:760,47,0,1
BRDA:760,47,1,1
BRDA:782,48,0,1
BRDA:782,48,1,5
BRDA:791,49,0,3
BRDA:791,49,1,2
BRDA:792,50,0,5
BRDA:792,50,1,2
BRDA:838,51,0,2
BRDA:838,51,1,2
BRF:108
BRH:107
end_of_record
TN:
SF:E:\f\be\ms-company\src\documentSigning\documentSigning.utils.ts
FN:25,(anonymous_8)
FN:36,(anonymous_9)
FN:40,(anonymous_10)
FN:44,(anonymous_11)
FN:47,(anonymous_12)
FN:69,(anonymous_13)
FN:71,(anonymous_14)
FN:75,(anonymous_15)
FN:77,(anonymous_16)
FN:81,(anonymous_17)
FN:86,(anonymous_18)
FN:104,(anonymous_19)
FN:114,(anonymous_20)
FN:120,(anonymous_21)
FNF:14
FNH:14
FNDA:2,(anonymous_8)
FNDA:2,(anonymous_9)
FNDA:3,(anonymous_10)
FNDA:2,(anonymous_11)
FNDA:2,(anonymous_12)
FNDA:1,(anonymous_13)
FNDA:1,(anonymous_14)
FNDA:1,(anonymous_15)
FNDA:1,(anonymous_16)
FNDA:4,(anonymous_17)
FNDA:3,(anonymous_18)
FNDA:3,(anonymous_19)
FNDA:5,(anonymous_20)
FNDA:5,(anonymous_21)
DA:1,3
DA:2,3
DA:3,3
DA:4,3
DA:6,3
DA:8,3
DA:9,3
DA:10,3
DA:11,3
DA:12,3
DA:13,3
DA:15,3
DA:16,3
DA:17,3
DA:25,3
DA:34,3
DA:36,3
DA:37,2
DA:40,3
DA:41,3
DA:44,3
DA:47,2
DA:48,2
DA:49,2
DA:51,2
DA:59,2
DA:60,2
DA:62,2
DA:64,2
DA:66,2
DA:69,3
DA:71,1
DA:72,1
DA:75,3
DA:77,1
DA:78,1
DA:81,3
DA:84,4
DA:86,3
DA:91,3
DA:96,3
DA:101,3
DA:104,3
DA:108,3
DA:109,1
DA:111,3
DA:114,3
DA:120,5
DA:121,5
DA:124,5
DA:125,1
DA:128,4
DA:129,1
DA:132,3
DA:137,3
DA:141,3
DA:142,3
DA:149,1
DA:150,1
DA:154,3
DA:161,3
LF:61
LH:61
BRDA:108,0,0,1
BRDA:108,0,1,2
BRDA:124,1,0,1
BRDA:124,1,1,4
BRDA:128,2,0,1
BRDA:128,2,1,3
BRF:6
BRH:6
end_of_record
TN:
SF:E:\f\be\ms-company\src\documentTemplate\documentTemplate.model.ts
FN:54,(anonymous_1)
FNF:1
FNH:0
FNDA:0,(anonymous_1)
DA:1,6
DA:5,6
DA:7,6
DA:54,6
DA:55,0
DA:57,6
LF:6
LH:5
BRF:0
BRH:0
end_of_record
TN:
SF:E:\f\be\ms-company\src\documentTemplate\documentTemplate.repository.ts
FN:8,(anonymous_7)
FN:10,(anonymous_8)
FNF:2
FNH:2
FNDA:2,(anonymous_7)
FNDA:2,(anonymous_8)
DA:1,6
DA:2,6
DA:8,6
DA:10,2
DA:12,2
DA:13,2
DA:16,6
DA:20,6
LF:8
LH:8
BRDA:13,0,0,2
BRDA:13,0,1,2
BRF:2
BRH:2
end_of_record
TN:
SF:E:\f\be\ms-company\src\documentTemplate\documentTemplate.service.ts
FN:5,(anonymous_8)
FN:7,(anonymous_9)
FNF:2
FNH:2
FNDA:1,(anonymous_8)
FNDA:1,(anonymous_9)
DA:2,2
DA:3,2
DA:5,2
DA:7,1
DA:8,1
DA:10,2
DA:14,2
LF:7
LH:7
BRF:0
BRH:0
end_of_record
TN:
SF:E:\f\be\ms-company\src\dukcapil\dukcapil.model.ts
FNF:0
FNH:0
DA:1,17
DA:70,17
LF:2
LH:2
BRF:0
BRH:0
end_of_record
TN:
SF:E:\f\be\ms-company\src\dukcapil\dukcapil.repository.ts
FN:10,(anonymous_8)
FN:13,(anonymous_9)
FNF:2
FNH:2
FNDA:1,(anonymous_8)
FNDA:1,(anonymous_9)
DA:1,1
DA:2,1
DA:3,1
DA:5,1
DA:7,1
DA:8,1
DA:10,1
DA:13,1
DA:14,1
DA:21,1
DA:24,1
DA:27,1
LF:12
LH:12
BRF:0
BRH:0
end_of_record
TN:
SF:E:\f\be\ms-company\src\errors\AppError.ts
FN:7,(anonymous_0)
FNF:1
FNH:1
FNDA:3,(anonymous_0)
DA:1,120
DA:4,120
DA:7,120
DA:11,3
LF:4
LH:4
BRF:0
BRH:0
end_of_record
TN:
SF:E:\f\be\ms-company\src\file\file.service.ts
FN:14,(anonymous_8)
FN:28,(anonymous_9)
FN:38,(anonymous_10)
FN:44,(anonymous_11)
FNF:4
FNH:4
FNDA:4,(anonymous_8)
FNDA:4,(anonymous_9)
FNDA:6,(anonymous_10)
FNDA:6,(anonymous_11)
DA:2,12
DA:3,12
DA:4,12
DA:8,12
DA:9,12
DA:10,12
DA:11,12
DA:12,12
DA:14,12
DA:19,4
DA:21,4
DA:22,3
DA:25,4
DA:28,12
DA:32,4
DA:33,1
DA:35,4
DA:38,12
DA:44,6
DA:45,6
DA:48,6
DA:49,1
DA:52,5
DA:53,5
DA:54,1
DA:57,4
DA:63,4
DA:67,4
DA:68,4
DA:75,0
DA:76,0
DA:80,12
DA:84,12
LF:33
LH:31
BRDA:21,0,0,3
BRDA:21,0,1,1
BRDA:32,1,0,1
BRDA:32,1,1,3
BRDA:48,2,0,1
BRDA:48,2,1,5
BRDA:53,3,0,1
BRDA:53,3,1,4
BRF:8
BRH:8
end_of_record
TN:
SF:E:\f\be\ms-company\src\healthcheck\healthcheck.controller.ts
FN:11,(anonymous_0)
FNF:1
FNH:1
FNDA:1,(anonymous_0)
DA:3,2
DA:11,1
DA:14,2
DA:15,2
LF:4
LH:4
BRF:0
BRH:0
end_of_record
TN:
SF:E:\f\be\ms-company\src\http\httpIdm.ts
FNF:0
FNH:0
DA:1,12
DA:2,12
DA:3,12
DA:4,12
DA:5,12
DA:7,12
DA:8,12
DA:23,12
LF:8
LH:8
BRDA:9,0,0,0
BRDA:9,0,1,12
BRF:2
BRH:1
end_of_record
TN:
SF:E:\f\be\ms-company\src\http\httpRegistration.ts
FNF:0
FNH:0
DA:2,18
DA:3,18
DA:4,18
DA:5,18
DA:7,18
DA:8,18
DA:14,18
LF:7
LH:7
BRF:0
BRH:0
end_of_record
TN:
SF:E:\f\be\ms-company\src\idm\idm.repository.ts
FN:31,(anonymous_9)
FN:33,(anonymous_10)
FN:45,(anonymous_11)
FN:56,(anonymous_12)
FN:58,(anonymous_13)
FN:171,(anonymous_14)
FN:182,(anonymous_15)
FN:184,(anonymous_16)
FN:251,(anonymous_17)
FN:262,(anonymous_18)
FN:264,(anonymous_19)
FN:310,(anonymous_20)
FN:321,(anonymous_21)
FN:321,(anonymous_22)
FN:372,(anonymous_23)
FN:383,(anonymous_24)
FN:385,(anonymous_25)
FN:418,(anonymous_26)
FNF:18
FNH:18
FNDA:11,(anonymous_9)
FNDA:11,(anonymous_10)
FNDA:4,(anonymous_11)
FNDA:3,(anonymous_12)
FNDA:3,(anonymous_13)
FNDA:1,(anonymous_14)
FNDA:3,(anonymous_15)
FNDA:3,(anonymous_16)
FNDA:1,(anonymous_17)
FNDA:2,(anonymous_18)
FNDA:2,(anonymous_19)
FNDA:1,(anonymous_20)
FNDA:3,(anonymous_21)
FNDA:3,(anonymous_22)
FNDA:1,(anonymous_23)
FNDA:2,(anonymous_24)
FNDA:2,(anonymous_25)
FNDA:1,(anonymous_26)
DA:1,12
DA:2,12
DA:3,12
DA:4,12
DA:5,12
DA:10,12
DA:29,12
DA:31,12
DA:33,11
DA:34,11
DA:35,11
DA:43,11
DA:46,4
DA:50,4
DA:53,7
DA:56,12
DA:58,3
DA:59,3
DA:60,3
DA:67,3
DA:68,2
DA:169,2
DA:172,1
DA:176,1
DA:179,1
DA:182,12
DA:184,3
DA:185,3
DA:186,3
DA:193,3
DA:195,2
DA:249,2
DA:252,1
DA:256,1
DA:259,1
DA:262,12
DA:264,2
DA:265,2
DA:266,2
DA:274,2
DA:308,2
DA:311,1
DA:315,1
DA:318,1
DA:321,12
DA:322,3
DA:323,3
DA:330,3
DA:332,2
DA:370,2
DA:373,1
DA:377,1
DA:380,1
DA:383,12
DA:385,2
DA:386,2
DA:387,2
DA:395,2
DA:416,2
DA:419,1
DA:423,1
DA:426,1
DA:429,12
DA:440,12
DA:442,12
DA:451,12
LF:66
LH:66
BRF:0
BRH:0
end_of_record
TN:
SF:E:\f\be\ms-company\src\imageProcessing\imageProcessing.model.ts
FNF:0
FNH:0
DA:1,21
LF:1
LH:1
BRF:0
BRH:0
end_of_record
TN:
SF:E:\f\be\ms-company\src\invitation\invitation.cache.ts
FN:9,(anonymous_8)
FN:13,(anonymous_9)
FNF:2
FNH:2
FNDA:5,(anonymous_8)
FNDA:5,(anonymous_9)
DA:6,1
DA:7,1
DA:9,1
DA:13,5
DA:14,5
DA:15,5
DA:17,5
DA:25,5
DA:28,1
DA:32,1
LF:10
LH:10
BRDA:12,0,0,1
BRDA:14,1,0,5
BRDA:14,1,1,2
BRDA:15,2,0,5
BRDA:15,2,1,2
BRF:5
BRH:5
end_of_record
TN:
SF:E:\f\be\ms-company\src\invitation\invitation.controller.ts
FN:37,(anonymous_8)
FN:40,(anonymous_9)
FN:58,(anonymous_10)
FN:58,(anonymous_11)
FN:88,(anonymous_12)
FN:91,(anonymous_13)
FN:130,(anonymous_14)
FN:133,(anonymous_15)
FN:174,(anonymous_16)
FN:174,(anonymous_17)
FN:203,(anonymous_18)
FN:206,(anonymous_19)
FN:228,(anonymous_20)
FN:228,(anonymous_21)
FN:263,(anonymous_22)
FN:266,(anonymous_23)
FN:300,(anonymous_24)
FN:303,(anonymous_25)
FN:344,(anonymous_26)
FN:347,(anonymous_27)
FN:382,(anonymous_28)
FN:385,(anonymous_29)
FN:421,(anonymous_30)
FN:424,(anonymous_31)
FN:459,(anonymous_32)
FN:462,(anonymous_33)
FN:504,(anonymous_34)
FN:504,(anonymous_35)
FN:539,(anonymous_36)
FN:539,(anonymous_37)
FN:576,(anonymous_38)
FN:576,(anonymous_39)
FNF:32
FNH:32
FNDA:1,(anonymous_8)
FNDA:1,(anonymous_9)
FNDA:1,(anonymous_10)
FNDA:1,(anonymous_11)
FNDA:1,(anonymous_12)
FNDA:1,(anonymous_13)
FNDA:1,(anonymous_14)
FNDA:1,(anonymous_15)
FNDA:1,(anonymous_16)
FNDA:1,(anonymous_17)
FNDA:2,(anonymous_18)
FNDA:2,(anonymous_19)
FNDA:2,(anonymous_20)
FNDA:2,(anonymous_21)
FNDA:1,(anonymous_22)
FNDA:1,(anonymous_23)
FNDA:1,(anonymous_24)
FNDA:1,(anonymous_25)
FNDA:2,(anonymous_26)
FNDA:2,(anonymous_27)
FNDA:2,(anonymous_28)
FNDA:2,(anonymous_29)
FNDA:1,(anonymous_30)
FNDA:1,(anonymous_31)
FNDA:1,(anonymous_32)
FNDA:1,(anonymous_33)
FNDA:1,(anonymous_34)
FNDA:1,(anonymous_35)
FNDA:1,(anonymous_36)
FNDA:1,(anonymous_37)
FNDA:1,(anonymous_38)
FNDA:1,(anonymous_39)
DA:2,2
DA:16,2
DA:17,2
DA:18,2
DA:19,2
DA:30,2
DA:35,2
DA:37,2
DA:40,1
DA:41,1
DA:42,1
DA:45,2
DA:58,1
DA:59,1
DA:64,1
DA:81,2
DA:91,1
DA:92,1
DA:97,1
DA:100,1
DA:122,2
DA:133,1
DA:134,1
DA:139,1
DA:142,1
DA:163,2
DA:174,1
DA:175,1
DA:176,1
DA:179,1
DA:182,1
DA:203,2
DA:206,2
DA:207,2
DA:210,2
DA:211,1
DA:213,1
DA:219,2
DA:228,2
DA:229,2
DA:235,2
DA:252,2
DA:266,1
DA:267,1
DA:272,1
DA:292,2
DA:303,1
DA:304,1
DA:305,1
DA:310,1
DA:330,2
DA:347,2
DA:348,2
DA:349,2
DA:351,2
DA:371,2
DA:385,2
DA:386,2
DA:391,2
DA:411,2
DA:424,1
DA:425,1
DA:430,1
DA:450,2
DA:462,1
DA:463,1
DA:464,1
DA:466,1
DA:486,2
DA:504,1
DA:505,1
DA:506,1
DA:508,1
DA:509,1
DA:526,2
DA:539,1
DA:540,1
DA:541,1
DA:543,1
DA:563,2
DA:576,1
DA:577,1
DA:582,1
DA:585,1
DA:607,2
DA:623,2
LF:86
LH:86
BRDA:210,0,0,1
BRDA:210,0,1,1
BRF:2
BRH:2
end_of_record
TN:
SF:E:\f\be\ms-company\src\invitation\invitation.model.ts
FN:71,(anonymous_1)
FN:74,(anonymous_2)
FN:77,(anonymous_3)
FNF:3
FNH:3
FNDA:12,(anonymous_1)
FNDA:3,(anonymous_2)
FNDA:1,(anonymous_3)
DA:1,3
DA:7,3
DA:10,3
DA:12,3
DA:71,3
DA:72,12
DA:74,3
DA:75,3
DA:77,3
DA:79,1
DA:81,3
LF:11
LH:11
BRF:0
BRH:0
end_of_record
TN:
SF:E:\f\be\ms-company\src\invitation\invitation.repository.ts
FN:23,(anonymous_8)
FN:40,(anonymous_9)
FN:48,(anonymous_10)
FN:62,(anonymous_11)
FN:66,(anonymous_12)
FN:94,(anonymous_13)
FN:99,(anonymous_14)
FN:107,(anonymous_15)
FN:118,(anonymous_16)
FN:122,(anonymous_17)
FN:130,(anonymous_18)
FN:140,(anonymous_19)
FN:144,(anonymous_20)
FN:161,(anonymous_21)
FN:161,(anonymous_22)
FN:178,(anonymous_23)
FN:180,(anonymous_24)
FN:187,(anonymous_25)
FN:190,(anonymous_26)
FN:198,(anonymous_27)
FN:200,(anonymous_28)
FN:205,(anonymous_29)
FN:208,(anonymous_30)
FN:221,(anonymous_31)
FN:224,(anonymous_32)
FN:237,(anonymous_33)
FN:239,(anonymous_34)
FN:244,(anonymous_35)
FN:246,(anonymous_36)
FN:253,(anonymous_37)
FN:267,(anonymous_38)
FN:270,(anonymous_39)
FN:281,(anonymous_40)
FN:283,(anonymous_41)
FN:285,(anonymous_42)
FNF:35
FNH:35
FNDA:6,(anonymous_8)
FNDA:8,(anonymous_9)
FNDA:1,(anonymous_10)
FNDA:8,(anonymous_11)
FNDA:8,(anonymous_12)
FNDA:3,(anonymous_13)
FNDA:3,(anonymous_14)
FNDA:12,(anonymous_15)
FNDA:2,(anonymous_16)
FNDA:2,(anonymous_17)
FNDA:8,(anonymous_18)
FNDA:4,(anonymous_19)
FNDA:4,(anonymous_20)
FNDA:1,(anonymous_21)
FNDA:1,(anonymous_22)
FNDA:1,(anonymous_23)
FNDA:1,(anonymous_24)
FNDA:1,(anonymous_25)
FNDA:1,(anonymous_26)
FNDA:1,(anonymous_27)
FNDA:1,(anonymous_28)
FNDA:1,(anonymous_29)
FNDA:1,(anonymous_30)
FNDA:2,(anonymous_31)
FNDA:2,(anonymous_32)
FNDA:1,(anonymous_33)
FNDA:1,(anonymous_34)
FNDA:1,(anonymous_35)
FNDA:1,(anonymous_36)
FNDA:1,(anonymous_37)
FNDA:1,(anonymous_38)
FNDA:1,(anonymous_39)
FNDA:1,(anonymous_40)
FNDA:1,(anonymous_41)
FNDA:2,(anonymous_42)
DA:1,4
DA:2,4
DA:3,4
DA:4,4
DA:19,4
DA:20,4
DA:23,6
DA:40,8
DA:48,4
DA:51,1
DA:62,4
DA:66,8
DA:67,8
DA:68,8
DA:69,8
DA:76,8
DA:77,8
DA:78,8
DA:79,6
DA:80,6
DA:82,8
DA:86,8
DA:94,4
DA:99,3
DA:100,3
DA:107,12
DA:110,3
DA:118,4
DA:122,2
DA:123,2
DA:130,8
DA:133,2
DA:135,2
DA:140,4
DA:144,4
DA:145,4
DA:151,4
DA:152,4
DA:153,2
DA:156,4
DA:161,4
DA:162,1
DA:175,1
DA:178,4
DA:180,1
DA:181,1
DA:184,1
DA:187,4
DA:190,1
DA:191,1
DA:195,1
DA:198,4
DA:200,1
DA:201,1
DA:202,1
DA:205,4
DA:208,1
DA:209,1
DA:210,1
DA:212,1
DA:216,1
DA:221,4
DA:224,2
DA:225,2
DA:237,4
DA:239,1
DA:240,1
DA:241,1
DA:244,4
DA:246,1
DA:247,1
DA:250,1
DA:253,4
DA:256,1
DA:267,4
DA:270,1
DA:271,1
DA:272,1
DA:273,1
DA:276,1
DA:281,4
DA:283,1
DA:284,1
DA:285,2
DA:289,1
DA:294,4
DA:310,4
LF:87
LH:87
BRDA:65,0,0,5
BRDA:67,1,0,8
BRDA:67,1,1,5
BRDA:68,2,0,8
BRDA:68,2,1,5
BRDA:78,3,0,6
BRDA:78,3,1,2
BRDA:107,4,0,12
BRDA:107,4,1,12
BRDA:130,5,0,8
BRDA:130,5,1,8
BRDA:152,6,0,2
BRDA:152,6,1,2
BRDA:175,7,0,1
BRDA:175,7,1,1
BRDA:184,8,0,1
BRDA:184,8,1,1
BRDA:195,9,0,1
BRDA:195,9,1,1
BRDA:241,10,0,1
BRDA:241,10,1,1
BRDA:250,11,0,1
BRDA:250,11,1,1
BRF:23
BRH:23
end_of_record
TN:
SF:E:\f\be\ms-company\src\invitation\invitation.service.ts
FN:49,(anonymous_9)
FN:51,(anonymous_10)
FN:58,(anonymous_11)
FN:63,(anonymous_12)
FN:83,(anonymous_13)
FN:87,(anonymous_14)
FN:108,(anonymous_15)
FN:112,(anonymous_16)
FN:163,(anonymous_17)
FN:168,(anonymous_18)
FN:178,(anonymous_19)
FN:185,(anonymous_20)
FN:188,(anonymous_21)
FN:252,(anonymous_22)
FN:254,(anonymous_23)
FN:261,(anonymous_24)
FN:263,(anonymous_25)
FN:273,(anonymous_26)
FN:275,(anonymous_27)
FN:279,(anonymous_28)
FN:281,(anonymous_29)
FN:291,(anonymous_30)
FN:293,(anonymous_31)
FN:297,(anonymous_32)
FN:310,(anonymous_33)
FN:313,(anonymous_34)
FN:324,(anonymous_35)
FN:326,(anonymous_36)
FN:332,(anonymous_37)
FN:346,(anonymous_38)
FN:348,(anonymous_39)
FN:438,(anonymous_40)
FN:440,(anonymous_41)
FN:463,(anonymous_42)
FN:465,(anonymous_43)
FNF:35
FNH:35
FNDA:1,(anonymous_9)
FNDA:1,(anonymous_10)
FNDA:5,(anonymous_11)
FNDA:5,(anonymous_12)
FNDA:7,(anonymous_13)
FNDA:7,(anonymous_14)
FNDA:4,(anonymous_15)
FNDA:4,(anonymous_16)
FNDA:2,(anonymous_17)
FNDA:2,(anonymous_18)
FNDA:1,(anonymous_19)
FNDA:4,(anonymous_20)
FNDA:4,(anonymous_21)
FNDA:1,(anonymous_22)
FNDA:1,(anonymous_23)
FNDA:2,(anonymous_24)
FNDA:2,(anonymous_25)
FNDA:2,(anonymous_26)
FNDA:2,(anonymous_27)
FNDA:2,(anonymous_28)
FNDA:2,(anonymous_29)
FNDA:1,(anonymous_30)
FNDA:1,(anonymous_31)
FNDA:1,(anonymous_32)
FNDA:6,(anonymous_33)
FNDA:6,(anonymous_34)
FNDA:1,(anonymous_35)
FNDA:1,(anonymous_36)
FNDA:1,(anonymous_37)
FNDA:2,(anonymous_38)
FNDA:2,(anonymous_39)
FNDA:4,(anonymous_40)
FNDA:4,(anonymous_41)
FNDA:3,(anonymous_42)
FNDA:3,(anonymous_43)
DA:1,2
DA:2,2
DA:3,2
DA:4,2
DA:5,2
DA:6,2
DA:7,2
DA:19,2
DA:20,2
DA:21,2
DA:22,2
DA:23,2
DA:28,2
DA:32,2
DA:33,2
DA:34,2
DA:35,2
DA:42,2
DA:47,2
DA:49,2
DA:51,1
DA:52,1
DA:58,2
DA:63,5
DA:64,5
DA:68,5
DA:69,1
DA:72,4
DA:74,2
DA:80,2
DA:83,2
DA:87,7
DA:89,7
DA:90,5
DA:92,2
DA:94,7
DA:95,2
DA:98,5
DA:100,3
DA:105,3
DA:108,2
DA:112,4
DA:113,4
DA:114,4
DA:123,1
DA:126,3
DA:133,1
DA:137,2
DA:141,0
DA:142,2
DA:145,2
DA:146,1
DA:147,1
DA:148,1
DA:152,2
DA:153,0
DA:155,2
DA:160,2
DA:163,2
DA:168,2
DA:169,2
DA:178,2
DA:179,1
DA:181,1
DA:185,2
DA:188,4
DA:189,4
DA:190,4
DA:194,4
DA:200,1
DA:203,3
DA:204,3
DA:205,3
DA:211,3
DA:215,3
DA:226,3
DA:230,3
DA:231,2
DA:232,2
DA:239,1
DA:245,1
DA:249,2
DA:252,2
DA:254,1
DA:255,1
DA:261,2
DA:263,2
DA:264,2
DA:266,2
DA:267,1
DA:270,1
DA:273,2
DA:275,2
DA:276,2
DA:279,2
DA:281,2
DA:282,2
DA:284,2
DA:285,1
DA:288,1
DA:291,2
DA:293,1
DA:294,1
DA:297,1
DA:298,1
DA:305,1
DA:307,1
DA:310,2
DA:313,6
DA:314,6
DA:318,6
DA:319,1
DA:321,6
DA:324,2
DA:326,1
DA:327,1
DA:331,1
DA:333,1
DA:340,1
DA:343,1
DA:346,2
DA:348,2
DA:349,2
DA:352,2
DA:353,1
DA:355,1
DA:356,1
DA:357,1
DA:358,1
DA:367,1
DA:386,1
DA:397,1
DA:401,1
DA:405,1
DA:435,1
DA:438,2
DA:440,4
DA:441,4
DA:442,4
DA:443,1
DA:446,3
DA:447,3
DA:448,2
DA:449,1
DA:451,1
DA:454,2
DA:460,2
DA:463,2
DA:465,3
DA:466,3
DA:467,3
DA:468,2
DA:472,2
DA:476,1
DA:480,2
DA:495,2
LF:156
LH:154
BRDA:68,0,0,1
BRDA:68,0,1,4
BRDA:89,1,0,5
BRDA:89,1,1,2
BRDA:94,2,0,2
BRDA:94,2,1,5
BRDA:114,3,0,1
BRDA:114,3,1,3
BRDA:115,4,0,4
BRDA:115,4,1,3
BRDA:115,4,2,3
BRDA:115,4,3,3
BRDA:126,5,0,1
BRDA:126,5,1,2
BRDA:137,6,0,0
BRDA:137,6,1,2
BRDA:138,7,0,2
BRDA:138,7,1,0
BRDA:142,8,0,2
BRDA:142,8,1,0
BRDA:145,9,0,1
BRDA:145,9,1,1
BRDA:147,10,0,1
BRDA:147,10,1,0
BRDA:152,11,0,0
BRDA:152,11,1,2
BRDA:194,12,0,1
BRDA:194,12,1,3
BRDA:195,13,0,4
BRDA:195,13,1,2
BRDA:195,13,2,2
BRDA:195,13,3,2
BRDA:230,14,0,2
BRDA:230,14,1,1
BRDA:266,15,0,1
BRDA:266,15,1,1
BRDA:284,16,0,1
BRDA:284,16,1,1
BRDA:318,17,0,1
BRDA:318,17,1,5
BRDA:352,18,0,1
BRDA:352,18,1,1
BRDA:352,19,0,2
BRDA:352,19,1,1
BRDA:442,20,0,1
BRDA:442,20,1,3
BRDA:447,21,0,2
BRDA:447,21,1,1
BRDA:448,22,0,1
BRDA:448,22,1,1
BRDA:467,23,0,2
BRDA:467,23,1,1
BRF:52
BRH:47
end_of_record
TN:
SF:E:\f\be\ms-company\src\kyc\kyc.consumer.ts
FN:14,(anonymous_8)
FN:16,(anonymous_9)
FNF:2
FNH:2
FNDA:2,(anonymous_8)
FNDA:2,(anonymous_9)
DA:5,1
DA:9,1
DA:10,1
DA:11,1
DA:12,1
DA:13,1
DA:16,2
DA:17,2
DA:18,1
DA:20,1
DA:23,1
DA:25,1
DA:28,1
DA:31,1
LF:14
LH:14
BRDA:17,0,0,1
BRDA:17,0,1,1
BRF:2
BRH:2
end_of_record
TN:
SF:E:\f\be\ms-company\src\kyc\kyc.controller.ts
FN:35,(anonymous_8)
FN:38,(anonymous_9)
FN:73,(anonymous_10)
FN:76,(anonymous_11)
FN:104,(anonymous_12)
FN:107,(anonymous_13)
FNF:6
FNH:6
FNDA:1,(anonymous_8)
FNDA:1,(anonymous_9)
FNDA:1,(anonymous_10)
FNDA:1,(anonymous_11)
FNDA:1,(anonymous_12)
FNDA:1,(anonymous_13)
DA:2,2
DA:3,2
DA:4,2
DA:11,2
DA:18,2
DA:38,1
DA:39,1
DA:40,1
DA:60,2
DA:76,1
DA:77,1
DA:80,1
DA:94,2
DA:107,1
DA:108,1
DA:109,1
DA:129,2
DA:135,2
LF:18
LH:18
BRF:0
BRH:0
end_of_record
TN:
SF:E:\f\be\ms-company\src\kyc\kyc.model.ts
FNF:0
FNH:0
DA:1,17
DA:28,17
DA:55,17
DA:73,17
DA:92,17
DA:119,17
LF:6
LH:6
BRF:0
BRH:0
end_of_record
TN:
SF:E:\f\be\ms-company\src\kyc\kyc.producer.ts
FN:7,(anonymous_8)
FN:7,(anonymous_9)
FNF:2
FNH:2
FNDA:1,(anonymous_8)
FNDA:1,(anonymous_9)
DA:1,4
DA:5,4
DA:7,4
DA:8,1
DA:11,1
DA:22,4
DA:26,4
LF:7
LH:7
BRF:0
BRH:0
end_of_record
TN:
SF:E:\f\be\ms-company\src\kyc\kyc.service.ts
FN:49,(anonymous_9)
FN:52,(anonymous_10)
FN:73,(anonymous_11)
FN:75,(anonymous_12)
FN:114,(anonymous_13)
FN:117,(anonymous_14)
FN:136,(anonymous_15)
FN:139,(anonymous_16)
FN:172,(anonymous_17)
FN:175,(anonymous_18)
FN:201,(anonymous_19)
FN:204,(anonymous_20)
FN:236,(anonymous_21)
FN:239,(anonymous_22)
FN:261,(anonymous_23)
FN:264,(anonymous_24)
FN:297,(anonymous_25)
FN:297,(anonymous_26)
FN:319,(anonymous_27)
FN:321,(anonymous_28)
FN:332,(anonymous_29)
FN:334,(anonymous_30)
FN:520,(anonymous_31)
FN:524,(anonymous_32)
FN:537,(anonymous_33)
FN:547,(anonymous_34)
FN:549,(anonymous_35)
FNF:27
FNH:27
FNDA:2,(anonymous_9)
FNDA:2,(anonymous_10)
FNDA:4,(anonymous_11)
FNDA:4,(anonymous_12)
FNDA:2,(anonymous_13)
FNDA:2,(anonymous_14)
FNDA:10,(anonymous_15)
FNDA:10,(anonymous_16)
FNDA:2,(anonymous_17)
FNDA:2,(anonymous_18)
FNDA:7,(anonymous_19)
FNDA:7,(anonymous_20)
FNDA:2,(anonymous_21)
FNDA:2,(anonymous_22)
FNDA:4,(anonymous_23)
FNDA:4,(anonymous_24)
FNDA:12,(anonymous_25)
FNDA:12,(anonymous_26)
FNDA:5,(anonymous_27)
FNDA:5,(anonymous_28)
FNDA:21,(anonymous_29)
FNDA:21,(anonymous_30)
FNDA:4,(anonymous_31)
FNDA:4,(anonymous_32)
FNDA:1,(anonymous_33)
FNDA:2,(anonymous_34)
FNDA:2,(anonymous_35)
DA:1,4
DA:12,4
DA:13,4
DA:14,4
DA:16,4
DA:17,4
DA:18,4
DA:19,4
DA:31,4
DA:32,4
DA:34,4
DA:36,4
DA:37,4
DA:44,4
DA:45,4
DA:46,4
DA:47,4
DA:49,4
DA:52,2
DA:53,2
DA:54,2
DA:55,2
DA:62,1
DA:64,1
DA:73,4
DA:75,4
DA:76,4
DA:77,4
DA:83,2
DA:91,2
DA:92,2
DA:93,2
DA:94,1
DA:98,1
DA:108,1
DA:110,1
DA:111,1
DA:114,4
DA:117,2
DA:118,2
DA:123,2
DA:128,2
DA:129,1
DA:132,2
DA:133,2
DA:136,4
DA:139,10
DA:140,10
DA:144,7
DA:146,3
DA:150,3
DA:151,1
DA:154,1
DA:156,2
DA:157,2
DA:160,2
DA:161,2
DA:162,1
DA:163,1
DA:164,1
DA:167,2
DA:168,2
DA:169,2
DA:172,4
DA:175,2
DA:176,2
DA:182,2
DA:190,2
DA:194,1
DA:197,2
DA:198,2
DA:201,4
DA:204,7
DA:205,7
DA:211,4
DA:213,3
DA:217,3
DA:218,1
DA:221,1
DA:223,2
DA:225,2
DA:230,2
DA:232,2
DA:233,2
DA:236,4
DA:239,2
DA:240,2
DA:245,2
DA:250,2
DA:254,1
DA:257,2
DA:258,2
DA:261,4
DA:264,4
DA:265,4
DA:272,1
DA:273,3
DA:276,3
DA:277,1
DA:280,1
DA:283,2
DA:286,2
DA:291,2
DA:293,2
DA:294,2
DA:297,12
DA:298,12
DA:299,12
DA:303,10
DA:304,10
DA:306,10
DA:308,7
DA:313,7
DA:315,4
DA:319,4
DA:321,5
DA:322,5
DA:326,5
DA:328,5
DA:329,5
DA:332,4
DA:334,21
DA:335,21
DA:337,21
DA:338,1
DA:346,20
DA:347,2
DA:348,1
DA:350,2
DA:353,18
DA:354,2
DA:362,2
DA:370,1
DA:373,17
DA:378,11
DA:382,11
DA:388,2
DA:391,11
DA:392,4
DA:394,4
DA:397,4
DA:398,1
DA:399,3
DA:404,1
DA:408,11
DA:409,5
DA:411,5
DA:414,5
DA:415,1
DA:416,4
DA:421,1
DA:425,11
DA:426,2
DA:428,2
DA:431,2
DA:432,1
DA:434,1
DA:438,11
DA:439,10
DA:443,10
DA:446,11
DA:449,6
DA:450,1
DA:458,5
DA:460,5
DA:466,5
DA:467,4
DA:473,2
DA:477,5
DA:478,2
DA:480,5
DA:484,5
DA:486,5
DA:490,1
DA:494,5
DA:500,5
DA:501,2
DA:504,5
DA:505,2
DA:510,5
DA:512,5
DA:517,5
DA:520,4
DA:524,4
DA:525,4
DA:529,4
DA:531,3
DA:537,3
DA:538,1
DA:547,4
DA:549,2
DA:550,2
DA:554,2
DA:555,1
DA:563,1
DA:568,1
DA:574,1
DA:579,1
DA:582,4
DA:590,4
LF:200
LH:200
BRDA:77,0,0,2
BRDA:77,0,1,2
BRDA:78,1,0,4
BRDA:78,1,1,3
BRDA:128,2,0,1
BRDA:128,2,1,1
BRDA:128,3,0,2
BRDA:128,3,1,1
BRDA:140,4,0,7
BRDA:140,4,1,3
BRDA:141,5,0,10
BRDA:141,5,1,8
BRDA:150,6,0,1
BRDA:150,6,1,2
BRDA:161,7,0,1
BRDA:161,7,1,1
BRDA:190,8,0,1
BRDA:190,8,1,1
BRDA:191,9,0,2
BRDA:191,9,1,2
BRDA:205,10,0,4
BRDA:205,10,1,3
BRDA:206,11,0,7
BRDA:206,11,1,7
BRDA:217,12,0,1
BRDA:217,12,1,2
BRDA:250,13,0,1
BRDA:250,13,1,1
BRDA:251,14,0,2
BRDA:251,14,1,2
BRDA:265,15,0,1
BRDA:265,15,1,3
BRDA:266,16,0,4
BRDA:266,16,1,4
BRDA:276,17,0,1
BRDA:276,17,1,2
BRDA:299,18,0,10
BRDA:299,18,1,2
BRDA:300,19,0,12
BRDA:300,19,1,11
BRDA:306,20,0,3
BRDA:306,20,1,7
BRDA:313,21,0,3
BRDA:313,21,1,4
BRDA:337,22,0,1
BRDA:337,22,1,20
BRDA:346,23,0,2
BRDA:346,23,1,18
BRDA:347,24,0,1
BRDA:347,24,1,1
BRDA:353,25,0,2
BRDA:353,25,1,16
BRDA:362,26,0,1
BRDA:362,26,1,1
BRDA:363,27,0,2
BRDA:363,27,1,1
BRDA:373,28,0,11
BRDA:373,28,1,6
BRDA:382,29,0,2
BRDA:382,29,1,9
BRDA:391,30,0,4
BRDA:391,30,1,7
BRDA:397,31,0,1
BRDA:397,31,1,3
BRDA:399,32,0,1
BRDA:399,32,1,2
BRDA:408,33,0,5
BRDA:408,33,1,6
BRDA:414,34,0,1
BRDA:414,34,1,4
BRDA:416,35,0,1
BRDA:416,35,1,3
BRDA:425,36,0,2
BRDA:425,36,1,9
BRDA:431,37,0,1
BRDA:431,37,1,1
BRDA:438,38,0,10
BRDA:438,38,1,1
BRDA:449,39,0,1
BRDA:449,39,1,5
BRDA:466,40,0,4
BRDA:466,40,1,1
BRDA:467,41,0,2
BRDA:467,41,1,2
BRDA:477,42,0,2
BRDA:477,42,1,3
BRDA:486,43,0,1
BRDA:486,43,1,4
BRDA:487,44,0,5
BRDA:487,44,1,5
BRDA:500,45,0,2
BRDA:500,45,1,3
BRDA:504,46,0,2
BRDA:504,46,1,3
BRDA:529,47,0,1
BRDA:529,47,1,3
BRDA:554,48,0,1
BRDA:554,48,1,1
BRF:98
BRH:98
end_of_record
TN:
SF:E:\f\be\ms-company\src\kyc\kyc.util.ts
FN:33,(anonymous_8)
FN:37,(anonymous_9)
FN:44,(anonymous_10)
FN:56,(anonymous_11)
FN:66,(anonymous_12)
FN:71,(anonymous_13)
FN:84,(anonymous_14)
FN:87,(anonymous_15)
FN:123,(anonymous_16)
FN:136,(anonymous_17)
FN:158,(anonymous_18)
FN:176,(anonymous_19)
FNF:12
FNH:12
FNDA:6,(anonymous_8)
FNDA:4,(anonymous_9)
FNDA:24,(anonymous_10)
FNDA:3,(anonymous_11)
FNDA:5,(anonymous_12)
FNDA:2,(anonymous_13)
FNDA:5,(anonymous_14)
FNDA:5,(anonymous_15)
FNDA:2,(anonymous_16)
FNDA:6,(anonymous_17)
FNDA:4,(anonymous_18)
FNDA:4,(anonymous_19)
DA:1,8
DA:2,8
DA:3,8
DA:4,8
DA:5,8
DA:7,8
DA:8,8
DA:9,8
DA:10,8
DA:11,8
DA:13,8
DA:24,8
DA:25,8
DA:31,8
DA:33,8
DA:34,6
DA:37,8
DA:42,4
DA:45,24
DA:46,4
DA:48,24
DA:49,4
DA:51,24
DA:56,8
DA:60,3
DA:61,1
DA:63,3
DA:66,8
DA:69,5
DA:71,8
DA:75,2
DA:77,2
DA:84,8
DA:87,5
DA:88,5
DA:92,5
DA:93,1
DA:100,4
DA:105,4
DA:108,4
DA:109,4
DA:116,1
DA:123,8
DA:126,2
DA:133,2
DA:136,8
DA:140,6
DA:155,6
DA:158,8
DA:161,4
DA:176,8
DA:181,4
DA:182,4
DA:183,4
DA:184,4
DA:192,4
DA:197,4
DA:200,8
DA:210,8
LF:59
LH:59
BRDA:45,0,0,4
BRDA:45,0,1,20
BRDA:48,1,0,4
BRDA:48,1,1,20
BRDA:60,2,0,1
BRDA:60,2,1,2
BRDA:76,3,0,2
BRDA:86,4,0,4
BRDA:92,5,0,1
BRDA:92,5,1,4
BRDA:106,6,0,1
BRDA:106,6,1,3
BRDA:172,7,0,1
BRDA:172,7,1,3
BRDA:181,8,0,4
BRDA:181,8,1,3
BRDA:182,9,0,4
BRDA:182,9,1,3
BRF:18
BRH:18
end_of_record
TN:
SF:E:\f\be\ms-company\src\management\management.controller.ts
FN:34,(anonymous_8)
FN:34,(anonymous_9)
FN:66,(anonymous_10)
FN:69,(anonymous_11)
FN:101,(anonymous_12)
FN:101,(anonymous_13)
FN:128,(anonymous_14)
FN:131,(anonymous_15)
FN:168,(anonymous_16)
FN:168,(anonymous_17)
FNF:10
FNH:10
FNDA:1,(anonymous_8)
FNDA:1,(anonymous_9)
FNDA:2,(anonymous_10)
FNDA:2,(anonymous_11)
FNDA:1,(anonymous_12)
FNDA:1,(anonymous_13)
FNDA:1,(anonymous_14)
FNDA:1,(anonymous_15)
FNDA:1,(anonymous_16)
FNDA:1,(anonymous_17)
DA:2,2
DA:10,2
DA:18,2
DA:19,2
DA:23,2
DA:25,2
DA:34,1
DA:35,1
DA:36,1
DA:56,2
DA:69,2
DA:70,2
DA:71,1
DA:72,1
DA:86,2
DA:101,1
DA:102,1
DA:103,1
DA:104,1
DA:105,1
DA:119,2
DA:131,1
DA:132,1
DA:133,1
DA:137,1
DA:151,2
DA:168,1
DA:169,1
DA:170,1
DA:188,2
DA:196,2
LF:31
LH:31
BRF:0
BRH:0
end_of_record
TN:
SF:E:\f\be\ms-company\src\management\management.model.ts
FN:244,(anonymous_2)
FN:252,(anonymous_3)
FN:255,(anonymous_4)
FNF:3
FNH:3
FNDA:1,(anonymous_2)
FNDA:12,(anonymous_3)
FNDA:2,(anonymous_4)
DA:1,17
DA:2,17
DA:12,17
DA:14,17
DA:15,17
DA:16,17
DA:17,17
DA:18,17
DA:19,17
DA:20,17
DA:21,17
DA:25,17
DA:27,17
DA:29,17
DA:224,17
DA:228,17
DA:244,17
DA:245,1
DA:247,17
DA:252,17
DA:253,12
DA:255,17
DA:257,2
DA:259,17
LF:24
LH:24
BRF:0
BRH:0
end_of_record
TN:
SF:E:\f\be\ms-company\src\management\management.repository.ts
FN:15,(anonymous_9)
FN:15,(anonymous_10)
FN:20,(anonymous_11)
FN:22,(anonymous_12)
FN:27,(anonymous_13)
FN:29,(anonymous_14)
FN:31,(anonymous_15)
FN:34,(anonymous_16)
FN:37,(anonymous_17)
FN:46,(anonymous_18)
FN:49,(anonymous_19)
FN:63,(anonymous_20)
FN:66,(anonymous_21)
FN:75,(anonymous_22)
FN:75,(anonymous_23)
FN:81,(anonymous_24)
FN:84,(anonymous_25)
FN:92,(anonymous_26)
FN:94,(anonymous_27)
FN:99,(anonymous_28)
FN:102,(anonymous_29)
FN:107,(anonymous_30)
FN:110,(anonymous_31)
FN:112,(anonymous_32)
FN:121,(anonymous_33)
FN:124,(anonymous_34)
FN:126,(anonymous_35)
FN:131,(anonymous_36)
FN:131,(anonymous_37)
FN:140,(anonymous_38)
FN:143,(anonymous_39)
FN:157,(anonymous_40)
FN:157,(anonymous_41)
FNF:33
FNH:33
FNDA:1,(anonymous_9)
FNDA:1,(anonymous_10)
FNDA:2,(anonymous_11)
FNDA:2,(anonymous_12)
FNDA:1,(anonymous_13)
FNDA:1,(anonymous_14)
FNDA:1,(anonymous_15)
FNDA:1,(anonymous_16)
FNDA:1,(anonymous_17)
FNDA:1,(anonymous_18)
FNDA:1,(anonymous_19)
FNDA:1,(anonymous_20)
FNDA:1,(anonymous_21)
FNDA:1,(anonymous_22)
FNDA:1,(anonymous_23)
FNDA:1,(anonymous_24)
FNDA:1,(anonymous_25)
FNDA:1,(anonymous_26)
FNDA:1,(anonymous_27)
FNDA:1,(anonymous_28)
FNDA:1,(anonymous_29)
FNDA:1,(anonymous_30)
FNDA:1,(anonymous_31)
FNDA:1,(anonymous_32)
FNDA:2,(anonymous_33)
FNDA:1,(anonymous_34)
FNDA:1,(anonymous_35)
FNDA:1,(anonymous_36)
FNDA:1,(anonymous_37)
FNDA:1,(anonymous_38)
FNDA:1,(anonymous_39)
FNDA:3,(anonymous_40)
FNDA:3,(anonymous_41)
DA:1,17
DA:2,17
DA:11,17
DA:15,17
DA:16,1
DA:17,1
DA:20,17
DA:22,2
DA:23,2
DA:24,2
DA:27,17
DA:29,1
DA:30,1
DA:31,1
DA:34,17
DA:37,1
DA:38,1
DA:42,1
DA:43,1
DA:46,17
DA:49,1
DA:50,1
DA:59,1
DA:60,1
DA:63,17
DA:66,1
DA:67,1
DA:72,1
DA:75,17
DA:76,1
DA:81,17
DA:84,1
DA:85,1
DA:90,1
DA:92,17
DA:94,1
DA:95,1
DA:96,1
DA:99,17
DA:102,1
DA:103,1
DA:107,1
DA:110,17
DA:112,1
DA:113,1
DA:114,1
DA:121,2
DA:124,17
DA:126,1
DA:127,1
DA:128,1
DA:131,17
DA:132,1
DA:137,1
DA:140,17
DA:143,1
DA:144,1
DA:151,1
DA:157,17
DA:158,3
DA:162,3
DA:168,3
DA:169,2
DA:171,1
DA:174,17
DA:192,17
LF:66
LH:66
BRDA:17,0,0,1
BRDA:17,0,1,1
BRDA:43,1,0,1
BRDA:43,1,1,1
BRDA:60,2,0,1
BRDA:60,2,1,1
BRDA:72,3,0,1
BRDA:72,3,1,1
BRDA:90,4,0,1
BRDA:90,4,1,1
BRDA:96,5,0,1
BRDA:96,5,1,1
BRDA:128,6,0,1
BRDA:128,6,1,1
BRDA:151,7,0,1
BRDA:151,7,1,1
BRDA:168,8,0,2
BRDA:168,8,1,1
BRDA:168,9,0,3
BRDA:168,9,1,2
BRF:20
BRH:20
end_of_record
TN:
SF:E:\f\be\ms-company\src\management\management.service.ts
FN:35,(anonymous_9)
FN:37,(anonymous_10)
FN:59,(anonymous_11)
FN:61,(anonymous_12)
FN:87,(anonymous_13)
FN:91,(anonymous_14)
FN:121,(anonymous_15)
FN:128,(anonymous_16)
FN:130,(anonymous_17)
FN:229,(anonymous_18)
FN:231,(anonymous_19)
FN:237,(anonymous_20)
FN:242,(anonymous_21)
FN:242,(anonymous_22)
FN:263,(anonymous_23)
FN:273,(anonymous_24)
FN:275,(anonymous_25)
FN:291,(anonymous_26)
FN:293,(anonymous_27)
FN:316,(anonymous_28)
FN:319,(anonymous_29)
FN:332,(anonymous_30)
FN:333,(anonymous_31)
FN:339,(anonymous_32)
FN:339,(anonymous_33)
FN:345,(anonymous_34)
FN:348,(anonymous_35)
FN:371,(anonymous_36)
FN:374,(anonymous_37)
FN:377,(anonymous_38)
FN:379,(anonymous_39)
FN:384,(anonymous_40)
FN:396,(anonymous_41)
FN:398,(anonymous_42)
FNF:34
FNH:34
FNDA:5,(anonymous_9)
FNDA:5,(anonymous_10)
FNDA:2,(anonymous_11)
FNDA:2,(anonymous_12)
FNDA:4,(anonymous_13)
FNDA:4,(anonymous_14)
FNDA:18,(anonymous_15)
FNDA:14,(anonymous_16)
FNDA:14,(anonymous_17)
FNDA:1,(anonymous_18)
FNDA:1,(anonymous_19)
FNDA:1,(anonymous_20)
FNDA:5,(anonymous_21)
FNDA:5,(anonymous_22)
FNDA:1,(anonymous_23)
FNDA:2,(anonymous_24)
FNDA:2,(anonymous_25)
FNDA:3,(anonymous_26)
FNDA:3,(anonymous_27)
FNDA:7,(anonymous_28)
FNDA:7,(anonymous_29)
FNDA:3,(anonymous_30)
FNDA:2,(anonymous_31)
FNDA:3,(anonymous_32)
FNDA:3,(anonymous_33)
FNDA:2,(anonymous_34)
FNDA:2,(anonymous_35)
FNDA:1,(anonymous_36)
FNDA:1,(anonymous_37)
FNDA:1,(anonymous_38)
FNDA:1,(anonymous_39)
FNDA:1,(anonymous_40)
FNDA:3,(anonymous_41)
FNDA:3,(anonymous_42)
DA:1,8
DA:2,8
DA:3,8
DA:13,8
DA:14,8
DA:15,8
DA:16,8
DA:17,8
DA:18,8
DA:19,8
DA:24,8
DA:25,8
DA:26,8
DA:29,8
DA:30,8
DA:31,8
DA:32,8
DA:33,8
DA:35,8
DA:37,5
DA:44,5
DA:45,5
DA:53,4
DA:59,8
DA:61,2
DA:62,2
DA:63,1
DA:74,1
DA:75,1
DA:76,1
DA:79,1
DA:87,8
DA:91,4
DA:92,4
DA:93,4
DA:94,4
DA:95,4
DA:98,4
DA:99,1
DA:105,4
DA:107,4
DA:108,1
DA:115,3
DA:121,8
DA:122,18
DA:123,17
DA:128,8
DA:130,14
DA:131,14
DA:133,14
DA:134,13
DA:135,12
DA:136,12
DA:137,2
DA:140,10
DA:146,10
DA:150,10
DA:151,8
DA:158,10
DA:159,10
DA:163,1
DA:169,9
DA:182,9
DA:183,7
DA:187,7
DA:189,9
DA:190,7
DA:194,7
DA:197,9
DA:198,1
DA:201,1
DA:203,8
DA:206,9
DA:207,4
DA:210,5
DA:215,5
DA:217,5
DA:218,4
DA:220,4
DA:226,4
DA:229,8
DA:231,1
DA:232,1
DA:236,1
DA:237,1
DA:239,1
DA:242,8
DA:243,5
DA:247,5
DA:248,1
DA:254,4
DA:258,4
DA:259,4
DA:263,4
DA:264,1
DA:273,8
DA:275,2
DA:276,2
DA:280,1
DA:285,2
DA:291,8
DA:293,3
DA:294,3
DA:297,3
DA:298,2
DA:301,2
DA:307,2
DA:316,8
DA:319,7
DA:320,7
DA:324,7
DA:325,1
DA:326,1
DA:329,6
DA:330,3
DA:332,3
DA:333,2
DA:335,3
DA:338,3
DA:339,3
DA:340,3
DA:345,8
DA:348,2
DA:349,2
DA:351,2
DA:352,1
DA:360,1
DA:364,1
DA:365,1
DA:368,1
DA:371,8
DA:374,1
DA:375,1
DA:377,8
DA:379,1
DA:380,1
DA:384,1
DA:385,1
DA:392,1
DA:396,8
DA:398,3
DA:399,3
DA:401,3
DA:404,3
DA:405,1
DA:413,2
DA:421,2
DA:422,2
DA:426,2
DA:427,1
DA:435,1
DA:438,8
DA:450,8
LF:153
LH:153
BRDA:47,0,0,5
BRDA:47,0,1,4
BRDA:62,1,0,1
BRDA:62,1,1,1
BRDA:98,2,0,1
BRDA:98,2,1,3
BRDA:98,3,0,4
BRDA:98,3,1,1
BRDA:107,4,0,1
BRDA:107,4,1,3
BRDA:122,5,0,1
BRDA:122,5,1,17
BRDA:124,6,0,17
BRDA:124,6,1,17
BRDA:136,7,0,2
BRDA:136,7,1,10
BRDA:136,8,0,12
BRDA:136,8,1,6
BRDA:150,9,0,8
BRDA:150,9,1,2
BRDA:150,10,0,10
BRDA:150,10,1,9
BRDA:159,11,0,1
BRDA:159,11,1,9
BRDA:173,12,0,1
BRDA:173,12,1,8
BRDA:182,13,0,7
BRDA:182,13,1,2
BRDA:189,14,0,7
BRDA:189,14,1,2
BRDA:197,15,0,1
BRDA:197,15,1,8
BRDA:206,16,0,4
BRDA:206,16,1,5
BRDA:206,17,0,9
BRDA:206,17,1,4
BRDA:217,18,0,4
BRDA:217,18,1,1
BRDA:223,19,0,1
BRDA:223,19,1,3
BRDA:247,20,0,1
BRDA:247,20,1,4
BRDA:258,21,0,0
BRDA:258,21,1,4
BRDA:276,22,0,1
BRDA:276,22,1,1
BRDA:277,23,0,2
BRDA:277,23,1,2
BRDA:297,24,0,1
BRDA:297,24,1,2
BRDA:298,25,0,2
BRDA:298,25,1,0
BRDA:324,26,0,1
BRDA:324,26,1,6
BRDA:324,27,0,7
BRDA:324,27,1,7
BRDA:329,28,0,3
BRDA:329,28,1,3
BRDA:351,29,0,1
BRDA:351,29,1,1
BRDA:351,30,0,2
BRDA:351,30,1,1
BRDA:404,31,0,1
BRDA:404,31,1,2
BRDA:404,32,0,3
BRDA:404,32,1,2
BRDA:426,33,0,1
BRDA:426,33,1,1
BRF:68
BRH:66
end_of_record
TN:
SF:E:\f\be\ms-company\src\management\management.util.ts
FN:23,(anonymous_9)
FN:25,(anonymous_10)
FN:65,(anonymous_11)
FN:77,(anonymous_12)
FN:99,(anonymous_13)
FN:121,(anonymous_14)
FN:123,(anonymous_15)
FN:146,(anonymous_16)
FN:164,(anonymous_17)
FN:174,(anonymous_18)
FN:213,(anonymous_19)
FN:240,(anonymous_20)
FN:261,(anonymous_21)
FN:273,(anonymous_22)
FNF:14
FNH:14
FNDA:1,(anonymous_9)
FNDA:1,(anonymous_10)
FNDA:7,(anonymous_11)
FNDA:5,(anonymous_12)
FNDA:8,(anonymous_13)
FNDA:2,(anonymous_14)
FNDA:2,(anonymous_15)
FNDA:3,(anonymous_16)
FNDA:11,(anonymous_17)
FNDA:19,(anonymous_18)
FNDA:5,(anonymous_19)
FNDA:16,(anonymous_20)
FNDA:16,(anonymous_21)
FNDA:3,(anonymous_22)
DA:1,12
DA:7,12
DA:8,12
DA:12,12
DA:13,12
DA:15,12
DA:16,12
DA:18,12
DA:19,12
DA:20,12
DA:23,12
DA:25,1
DA:30,1
DA:36,1
DA:65,12
DA:66,7
DA:67,6
DA:68,3
DA:69,3
DA:70,1
DA:77,12
DA:81,5
DA:82,2
DA:89,3
DA:90,1
DA:99,12
DA:103,8
DA:104,1
DA:109,7
DA:114,2
DA:121,12
DA:123,2
DA:124,2
DA:125,1
DA:132,12
DA:133,12
DA:146,12
DA:149,3
DA:150,1
DA:155,2
DA:156,1
DA:164,12
DA:165,11
DA:166,6
DA:174,12
DA:177,19
DA:178,1
DA:179,1
DA:181,18
DA:182,2
DA:183,2
DA:185,16
DA:186,2
DA:187,2
DA:189,14
DA:190,2
DA:191,2
DA:193,12
DA:194,1
DA:195,1
DA:197,11
DA:198,1
DA:199,1
DA:202,10
DA:210,10
DA:213,12
DA:216,5
DA:220,5
DA:222,5
DA:224,5
DA:225,5
DA:237,5
DA:240,12
DA:241,16
DA:242,16
DA:243,16
DA:244,9
DA:246,16
DA:247,2
DA:252,16
DA:253,1
DA:258,15
DA:261,12
DA:262,16
DA:263,16
DA:264,16
DA:265,2
DA:270,14
DA:273,12
DA:277,3
DA:279,2
DA:281,1
DA:284,12
DA:299,12
LF:94
LH:94
BRDA:66,0,0,1
BRDA:66,0,1,6
BRDA:67,1,0,3
BRDA:67,1,1,3
BRDA:69,2,0,1
BRDA:69,2,1,2
BRDA:81,3,0,2
BRDA:81,3,1,3
BRDA:89,4,0,1
BRDA:89,4,1,2
BRDA:103,5,0,1
BRDA:103,5,1,7
BRDA:109,6,0,2
BRDA:109,6,1,5
BRDA:110,7,0,7
BRDA:110,7,1,6
BRDA:110,7,2,5
BRDA:124,8,0,1
BRDA:124,8,1,1
BRDA:149,9,0,1
BRDA:149,9,1,2
BRDA:155,10,0,1
BRDA:155,10,1,1
BRDA:165,11,0,6
BRDA:165,11,1,5
BRDA:177,12,0,1
BRDA:177,12,1,18
BRDA:181,13,0,2
BRDA:181,13,1,16
BRDA:185,14,0,2
BRDA:185,14,1,14
BRDA:185,15,0,16
BRDA:185,15,1,15
BRDA:189,16,0,2
BRDA:189,16,1,12
BRDA:193,17,0,1
BRDA:193,17,1,11
BRDA:197,18,0,1
BRDA:197,18,1,10
BRDA:243,19,0,9
BRDA:243,19,1,7
BRDA:246,20,0,2
BRDA:246,20,1,14
BRDA:252,21,0,1
BRDA:252,21,1,15
BRDA:264,22,0,2
BRDA:264,22,1,14
BRDA:264,23,0,16
BRDA:264,23,1,2
BRDA:277,24,0,1
BRDA:277,24,1,2
BRDA:279,25,0,1
BRDA:279,25,1,1
BRDA:279,26,0,2
BRDA:279,26,1,2
BRF:55
BRH:55
end_of_record
TN:
SF:E:\f\be\ms-company\src\notification\httpClient.ts
FNF:0
FNH:0
DA:1,12
DA:2,12
DA:4,12
DA:5,12
DA:12,12
LF:5
LH:5
BRF:0
BRH:0
end_of_record
TN:
SF:E:\f\be\ms-company\src\notification\notification.repository.ts
FN:5,(anonymous_8)
FN:5,(anonymous_9)
FNF:2
FNH:2
FNDA:1,(anonymous_8)
FNDA:1,(anonymous_9)
DA:1,12
DA:3,12
DA:5,12
DA:6,1
DA:9,12
LF:5
LH:5
BRF:0
BRH:0
end_of_record
TN:
SF:E:\f\be\ms-company\src\peruri\httpClient.ts
FNF:0
FNH:0
DA:1,9
DA:3,9
DA:4,9
DA:6,9
DA:13,9
LF:5
LH:5
BRF:0
BRH:0
end_of_record
TN:
SF:E:\f\be\ms-company\src\peruri\peruri.cache.ts
FN:9,(anonymous_8)
FN:16,(anonymous_9)
FN:27,(anonymous_10)
FN:27,(anonymous_11)
FN:35,(anonymous_12)
FN:35,(anonymous_13)
FN:41,(anonymous_14)
FN:44,(anonymous_15)
FN:50,(anonymous_16)
FN:50,(anonymous_17)
FNF:10
FNH:10
FNDA:3,(anonymous_8)
FNDA:3,(anonymous_9)
FNDA:18,(anonymous_10)
FNDA:18,(anonymous_11)
FNDA:1,(anonymous_12)
FNDA:1,(anonymous_13)
FNDA:2,(anonymous_14)
FNDA:2,(anonymous_15)
FNDA:5,(anonymous_16)
FNDA:5,(anonymous_17)
DA:1,9
DA:3,9
DA:4,9
DA:5,9
DA:7,9
DA:9,9
DA:11,3
DA:16,9
DA:17,3
DA:27,18
DA:28,18
DA:29,18
DA:30,7
DA:32,18
DA:35,9
DA:36,1
DA:37,1
DA:38,1
DA:41,9
DA:44,2
DA:45,2
DA:46,2
DA:47,2
DA:50,9
DA:51,5
DA:55,5
DA:56,2
DA:58,5
DA:61,9
DA:68,9
LF:30
LH:30
BRDA:29,0,0,7
BRDA:29,0,1,11
BRDA:55,1,0,2
BRDA:55,1,1,3
BRF:4
BRH:4
end_of_record
TN:
SF:E:\f\be\ms-company\src\peruri\peruri.repository.ts
FN:32,(anonymous_9)
FN:32,(anonymous_10)
FN:44,(anonymous_11)
FN:46,(anonymous_12)
FN:60,(anonymous_13)
FN:60,(anonymous_14)
FN:82,(anonymous_15)
FN:85,(anonymous_16)
FN:112,(anonymous_17)
FN:114,(anonymous_18)
FN:138,(anonymous_19)
FN:141,(anonymous_20)
FN:167,(anonymous_21)
FN:167,(anonymous_22)
FN:172,(anonymous_23)
FN:175,(anonymous_24)
FN:191,(anonymous_25)
FN:193,(anonymous_26)
FN:203,(anonymous_27)
FN:203,(anonymous_28)
FNF:20
FNH:20
FNDA:3,(anonymous_9)
FNDA:3,(anonymous_10)
FNDA:2,(anonymous_11)
FNDA:2,(anonymous_12)
FNDA:3,(anonymous_13)
FNDA:3,(anonymous_14)
FNDA:4,(anonymous_15)
FNDA:4,(anonymous_16)
FNDA:2,(anonymous_17)
FNDA:2,(anonymous_18)
FNDA:2,(anonymous_19)
FNDA:2,(anonymous_20)
FNDA:5,(anonymous_21)
FNDA:5,(anonymous_22)
FNDA:2,(anonymous_23)
FNDA:2,(anonymous_24)
FNDA:2,(anonymous_25)
FNDA:2,(anonymous_26)
FNDA:2,(anonymous_27)
FNDA:2,(anonymous_28)
DA:1,8
DA:17,8
DA:18,8
DA:19,8
DA:20,8
DA:21,8
DA:22,8
DA:23,8
DA:30,8
DA:32,8
DA:33,3
DA:34,3
DA:36,2
DA:37,1
DA:38,1
DA:40,1
DA:44,8
DA:46,2
DA:47,2
DA:48,2
DA:55,2
DA:57,2
DA:60,8
DA:61,3
DA:65,3
DA:69,3
DA:71,3
DA:77,3
DA:79,2
DA:82,8
DA:85,4
DA:86,4
DA:92,4
DA:96,4
DA:98,4
DA:105,4
DA:109,4
DA:112,8
DA:114,2
DA:115,2
DA:120,2
DA:124,2
DA:126,2
DA:133,2
DA:135,2
DA:138,8
DA:141,2
DA:142,2
DA:147,2
DA:151,2
DA:153,2
DA:160,2
DA:164,2
DA:167,8
DA:168,5
DA:169,5
DA:172,8
DA:175,2
DA:176,2
DA:178,2
DA:180,2
DA:185,1
DA:187,1
DA:191,8
DA:193,2
DA:194,2
DA:196,2
DA:198,2
DA:200,2
DA:203,8
DA:204,2
DA:206,2
DA:208,2
DA:210,2
DA:213,8
DA:225,8
LF:76
LH:76
BRDA:36,0,0,1
BRDA:36,0,1,1
BRDA:36,1,0,2
BRDA:36,1,1,2
BRDA:84,2,0,2
BRDA:106,3,0,2
BRDA:106,3,1,2
BRDA:140,4,0,2
BRDA:161,5,0,0
BRDA:161,5,1,2
BRDA:180,6,0,1
BRDA:180,6,1,1
BRDA:181,7,0,2
BRDA:181,7,1,2
BRDA:181,7,2,1
BRF:15
BRH:14
end_of_record
TN:
SF:E:\f\be\ms-company\src\peruri\peruri.util.ts
FN:6,(anonymous_8)
FN:9,(anonymous_9)
FN:23,(anonymous_10)
FN:25,(anonymous_11)
FNF:4
FNH:4
FNDA:1,(anonymous_8)
FNDA:1,(anonymous_9)
FNDA:2,(anonymous_10)
FNDA:2,(anonymous_11)
DA:2,9
DA:3,9
DA:4,9
DA:6,9
DA:9,1
DA:10,1
DA:12,1
DA:13,1
DA:14,1
DA:17,1
DA:23,9
DA:25,2
DA:26,2
DA:28,2
DA:29,1
DA:32,1
DA:35,9
DA:39,9
LF:18
LH:18
BRDA:28,0,0,1
BRDA:28,0,1,1
BRF:2
BRH:2
end_of_record
TN:
SF:E:\f\be\ms-company\src\plugins\aclWrapper.ts
FN:8,(anonymous_7)
FN:17,(anonymous_8)
FN:30,(anonymous_9)
FN:33,(anonymous_10)
FN:43,(anonymous_11)
FNF:5
FNH:5
FNDA:15,(anonymous_7)
FNDA:15,(anonymous_8)
FNDA:15,(anonymous_9)
FNDA:15,(anonymous_10)
FNDA:4,(anonymous_11)
DA:2,3
DA:3,3
DA:4,3
DA:5,3
DA:6,3
DA:8,3
DA:9,15
DA:10,15
DA:11,4
DA:12,4
DA:14,11
DA:17,3
DA:18,15
DA:19,15
DA:20,15
DA:21,11
DA:23,4
DA:24,4
DA:25,4
DA:30,3
DA:33,15
DA:34,15
DA:35,1
DA:37,14
DA:40,3
DA:44,4
DA:48,3
LF:27
LH:27
BRDA:10,0,0,4
BRDA:10,0,1,11
BRDA:10,1,0,15
BRDA:10,1,1,4
BRDA:10,1,2,4
BRDA:20,2,0,11
BRDA:20,2,1,4
BRDA:26,3,0,1
BRDA:26,3,1,3
BRDA:25,4,0,4
BRDA:25,4,1,1
BRDA:34,5,0,1
BRDA:34,5,1,14
BRF:13
BRH:13
end_of_record
TN:
SF:E:\f\be\ms-company\src\plugins\auditWrapper.ts
FN:6,(anonymous_7)
FN:9,(anonymous_8)
FN:23,(anonymous_9)
FNF:3
FNH:3
FNDA:2,(anonymous_7)
FNDA:2,(anonymous_8)
FNDA:3,(anonymous_9)
DA:2,2
DA:3,2
DA:4,2
DA:6,2
DA:9,2
DA:10,2
DA:11,2
DA:12,1
DA:17,2
DA:20,2
DA:24,3
DA:29,2
LF:12
LH:12
BRDA:11,0,0,1
BRDA:11,0,1,1
BRF:2
BRH:2
end_of_record
TN:
SF:E:\f\be\ms-company\src\plugins\good.ts
FNF:0
FNH:0
DA:1,1
DA:2,1
DA:4,1
DA:6,1
DA:13,1
LF:5
LH:5
BRF:0
BRH:0
end_of_record
TN:
SF:E:\f\be\ms-company\src\plugins\requestWrapper.ts
FNF:0
FNH:0
DA:1,2
DA:2,2
DA:3,2
DA:4,2
DA:6,2
LF:5
LH:5
BRF:0
BRH:0
end_of_record
TN:
SF:E:\f\be\ms-company\src\plugins\responseWrapper.ts
FN:15,(anonymous_2)
FN:93,(anonymous_3)
FNF:2
FNH:2
FNDA:96,(anonymous_2)
FNDA:13,(anonymous_3)
DA:2,12
DA:4,12
DA:5,12
DA:6,12
DA:7,12
DA:8,12
DA:9,12
DA:10,12
DA:11,12
DA:13,12
DA:15,12
DA:20,96
DA:21,0
DA:23,96
DA:24,96
DA:26,96
DA:28,45
DA:29,12
DA:38,45
DA:39,45
DA:40,29
DA:41,29
DA:49,16
DA:50,1
DA:51,1
DA:53,15
DA:62,51
DA:63,51
DA:64,51
DA:66,51
DA:67,0
DA:69,0
DA:75,51
DA:78,96
DA:82,96
DA:83,96
DA:84,0
DA:85,0
DA:87,96
DA:90,12
DA:94,13
DA:99,12
LF:42
LH:37
BRDA:20,0,0,0
BRDA:20,0,1,96
BRDA:26,1,0,45
BRDA:26,1,1,51
BRDA:28,2,0,12
BRDA:28,2,1,33
BRDA:39,3,0,29
BRDA:39,3,1,16
BRDA:49,4,0,1
BRDA:49,4,1,15
BRDA:66,5,0,0
BRDA:66,5,1,51
BRDA:66,6,0,51
BRDA:66,6,1,0
BRDA:83,7,0,0
BRDA:83,7,1,96
BRF:16
BRH:12
end_of_record
TN:
SF:E:\f\be\ms-company\src\plugins\swagger.ts
FN:7,(anonymous_1)
FNF:1
FNH:1
FNDA:1,(anonymous_1)
DA:1,1
DA:2,1
DA:3,1
DA:4,1
DA:5,1
DA:7,1
DA:8,1
DA:10,1
DA:34,1
DA:39,1
LF:10
LH:10
BRDA:8,0,0,1
BRDA:8,0,1,1
BRF:2
BRH:2
end_of_record
TN:
SF:E:\f\be\ms-company\src\plugins\tokenAuth.ts
FNF:0
FNH:0
DA:1,1
DA:2,1
DA:3,1
DA:5,1
DA:7,1
LF:5
LH:5
BRF:0
BRH:0
end_of_record
TN:
SF:E:\f\be\ms-company\src\shareholder\shareholder.controller.ts
FN:31,(anonymous_8)
FN:34,(anonymous_9)
FN:60,(anonymous_10)
FN:63,(anonymous_11)
FN:94,(anonymous_12)
FN:97,(anonymous_13)
FN:128,(anonymous_14)
FN:131,(anonymous_15)
FN:160,(anonymous_16)
FN:163,(anonymous_17)
FNF:10
FNH:8
FNDA:2,(anonymous_8)
FNDA:2,(anonymous_9)
FNDA:1,(anonymous_10)
FNDA:1,(anonymous_11)
FNDA:1,(anonymous_12)
FNDA:1,(anonymous_13)
FNDA:1,(anonymous_14)
FNDA:1,(anonymous_15)
FNDA:0,(anonymous_16)
FNDA:0,(anonymous_17)
DA:1,2
DA:3,2
DA:4,2
DA:5,2
DA:6,2
DA:14,2
DA:21,2
DA:34,2
DA:35,2
DA:36,1
DA:37,1
DA:51,2
DA:63,1
DA:64,1
DA:65,1
DA:85,2
DA:97,1
DA:98,1
DA:99,1
DA:119,2
DA:131,1
DA:132,1
DA:133,1
DA:137,1
DA:151,2
DA:163,0
DA:164,0
DA:165,0
DA:170,0
DA:190,2
DA:198,2
LF:31
LH:27
BRF:0
BRH:0
end_of_record
TN:
SF:E:\f\be\ms-company\src\shareholder\shareholder.model.ts
FN:116,(anonymous_2)
FN:119,(anonymous_3)
FNF:2
FNH:2
FNDA:4,(anonymous_2)
FNDA:8,(anonymous_3)
DA:1,6
DA:2,6
DA:10,6
DA:11,6
DA:18,6
DA:20,6
DA:116,6
DA:117,4
DA:119,6
DA:121,8
DA:123,6
LF:11
LH:11
BRF:0
BRH:0
end_of_record
TN:
SF:E:\f\be\ms-company\src\shareholder\shareholder.repository.ts
FN:14,(anonymous_7)
FN:16,(anonymous_8)
FN:21,(anonymous_9)
FN:21,(anonymous_10)
FN:28,(anonymous_11)
FN:31,(anonymous_12)
FN:39,(anonymous_13)
FN:41,(anonymous_14)
FN:43,(anonymous_15)
FN:46,(anonymous_16)
FN:46,(anonymous_17)
FN:52,(anonymous_18)
FN:55,(anonymous_19)
FN:66,(anonymous_20)
FN:69,(anonymous_21)
FN:78,(anonymous_22)
FN:82,(anonymous_23)
FNF:17
FNH:15
FNDA:8,(anonymous_7)
FNDA:8,(anonymous_8)
FNDA:0,(anonymous_9)
FNDA:0,(anonymous_10)
FNDA:1,(anonymous_11)
FNDA:1,(anonymous_12)
FNDA:1,(anonymous_13)
FNDA:1,(anonymous_14)
FNDA:1,(anonymous_15)
FNDA:1,(anonymous_16)
FNDA:1,(anonymous_17)
FNDA:1,(anonymous_18)
FNDA:1,(anonymous_19)
FNDA:1,(anonymous_20)
FNDA:1,(anonymous_21)
FNDA:1,(anonymous_22)
FNDA:1,(anonymous_23)
DA:1,6
DA:2,6
DA:3,6
DA:4,6
DA:14,6
DA:16,8
DA:17,8
DA:18,8
DA:21,6
DA:22,0
DA:23,0
DA:24,0
DA:25,0
DA:28,6
DA:31,1
DA:32,1
DA:39,6
DA:41,1
DA:42,1
DA:43,1
DA:46,6
DA:47,1
DA:52,6
DA:55,1
DA:56,1
DA:63,1
DA:66,6
DA:69,1
DA:70,1
DA:75,1
DA:78,6
DA:82,1
DA:83,1
DA:90,1
DA:93,6
DA:104,6
LF:36
LH:32
BRDA:23,0,0,0
BRDA:23,0,1,0
BRDA:63,1,0,1
BRDA:63,1,1,1
BRDA:75,2,0,1
BRDA:75,2,1,1
BRDA:90,3,0,1
BRDA:90,3,1,1
BRF:8
BRH:6
end_of_record
TN:
SF:E:\f\be\ms-company\src\shareholder\shareholder.service.ts
FN:23,(anonymous_8)
FN:25,(anonymous_9)
FN:32,(anonymous_10)
FN:32,(anonymous_11)
FN:41,(anonymous_12)
FN:43,(anonymous_13)
FN:56,(anonymous_14)
FN:57,(anonymous_15)
FN:97,(anonymous_16)
FN:122,(anonymous_17)
FN:126,(anonymous_18)
FN:145,(anonymous_19)
FN:147,(anonymous_20)
FN:149,(anonymous_21)
FN:153,(anonymous_22)
FN:163,(anonymous_23)
FN:166,(anonymous_24)
FN:179,(anonymous_25)
FN:196,(anonymous_26)
FN:200,(anonymous_27)
FNF:20
FNH:20
FNDA:1,(anonymous_8)
FNDA:1,(anonymous_9)
FNDA:1,(anonymous_10)
FNDA:1,(anonymous_11)
FNDA:6,(anonymous_12)
FNDA:6,(anonymous_13)
FNDA:8,(anonymous_14)
FNDA:8,(anonymous_15)
FNDA:2,(anonymous_16)
FNDA:3,(anonymous_17)
FNDA:1,(anonymous_18)
FNDA:1,(anonymous_19)
FNDA:1,(anonymous_20)
FNDA:4,(anonymous_21)
FNDA:4,(anonymous_22)
FNDA:2,(anonymous_23)
FNDA:2,(anonymous_24)
FNDA:2,(anonymous_25)
FNDA:3,(anonymous_26)
FNDA:3,(anonymous_27)
DA:1,4
DA:6,4
DA:8,4
DA:9,4
DA:10,4
DA:11,4
DA:12,4
DA:20,4
DA:21,4
DA:23,4
DA:25,1
DA:26,1
DA:30,1
DA:32,1
DA:33,1
DA:34,1
DA:38,1
DA:41,4
DA:43,6
DA:44,6
DA:49,6
DA:50,6
DA:54,6
DA:55,5
DA:56,8
DA:57,8
DA:58,5
DA:59,5
DA:60,1
DA:67,5
DA:68,1
DA:73,4
DA:75,4
DA:80,4
DA:81,4
DA:85,4
DA:88,4
DA:89,4
DA:93,4
DA:96,4
DA:97,2
DA:98,2
DA:99,2
DA:100,2
DA:105,1
DA:111,2
DA:112,2
DA:115,2
DA:118,2
DA:119,2
DA:123,3
DA:127,1
DA:137,2
DA:138,2
DA:142,2
DA:145,4
DA:147,1
DA:148,1
DA:149,4
DA:152,1
DA:154,4
DA:163,4
DA:166,2
DA:167,2
DA:171,2
DA:172,2
DA:173,1
DA:177,1
DA:178,1
DA:180,2
DA:190,2
DA:193,2
DA:196,4
DA:200,3
DA:201,3
DA:202,3
DA:203,2
DA:207,1
DA:210,2
DA:211,1
DA:215,1
DA:217,2
DA:222,2
DA:223,2
DA:226,2
DA:228,4
DA:236,4
LF:87
LH:87
BRDA:54,0,0,5
BRDA:54,0,1,1
BRDA:59,1,0,1
BRDA:59,1,1,4
BRDA:67,2,0,1
BRDA:67,2,1,4
BRDA:80,3,0,4
BRDA:80,3,1,0
BRDA:88,4,0,4
BRDA:88,4,1,0
BRDA:96,5,0,2
BRDA:96,5,1,2
BRDA:100,6,0,1
BRDA:100,6,1,1
BRDA:101,7,0,2
BRDA:101,7,1,1
BRDA:101,7,2,1
BRDA:118,8,0,2
BRDA:118,8,1,0
BRDA:128,9,0,1
BRDA:128,9,1,0
BRDA:127,10,0,1
BRDA:127,10,1,1
BRDA:155,11,0,3
BRDA:155,11,1,1
BRDA:154,12,0,4
BRDA:154,12,1,3
BRDA:172,13,0,1
BRDA:172,13,1,1
BRDA:172,14,0,2
BRDA:172,14,1,2
BRDA:172,14,2,1
BRDA:177,15,0,1
BRDA:177,15,1,0
BRDA:181,16,0,2
BRDA:181,16,1,0
BRDA:202,17,0,2
BRDA:202,17,1,1
BRDA:210,18,0,1
BRDA:210,18,1,1
BRF:40
BRH:34
end_of_record
TN:
SF:E:\f\be\ms-company\src\shareholder\shareholder.util.ts
FN:12,(anonymous_8)
FN:14,(anonymous_9)
FN:44,(anonymous_10)
FN:73,(anonymous_11)
FN:84,(anonymous_12)
FN:93,(anonymous_13)
FN:101,(anonymous_14)
FN:104,(anonymous_15)
FNF:8
FNH:8
FNDA:1,(anonymous_8)
FNDA:1,(anonymous_9)
FNDA:7,(anonymous_10)
FNDA:4,(anonymous_11)
FNDA:3,(anonymous_12)
FNDA:2,(anonymous_13)
FNDA:1,(anonymous_14)
FNDA:1,(anonymous_15)
DA:1,5
DA:2,5
DA:3,5
DA:8,5
DA:10,5
DA:12,5
DA:14,1
DA:15,1
DA:20,1
DA:44,5
DA:48,7
DA:49,0
DA:55,7
DA:56,1
DA:62,6
DA:66,1
DA:73,5
DA:76,4
DA:77,0
DA:84,5
DA:87,3
DA:88,2
DA:93,1
DA:94,2
DA:95,1
DA:97,2
DA:101,5
DA:104,1
DA:105,1
DA:111,5
DA:118,5
LF:31
LH:29
BRDA:48,0,0,0
BRDA:48,0,1,7
BRDA:48,1,0,7
BRDA:48,1,1,4
BRDA:55,2,0,1
BRDA:55,2,1,6
BRDA:62,3,0,1
BRDA:62,3,1,5
BRDA:63,4,0,6
BRDA:63,4,1,6
BRDA:76,5,0,0
BRDA:76,5,1,4
BRDA:87,6,0,2
BRDA:87,6,1,1
BRDA:94,7,0,1
BRDA:94,7,1,1
BRDA:106,8,0,0
BRDA:106,8,1,1
BRF:18
BRH:15
end_of_record
TN:
SF:E:\f\be\ms-company\src\slack\slack.client.ts
FN:6,(anonymous_8)
FN:10,(anonymous_9)
FNF:2
FNH:2
FNDA:1,(anonymous_8)
FNDA:1,(anonymous_9)
DA:1,3
DA:2,3
DA:3,3
DA:4,3
DA:6,3
DA:10,1
DA:11,1
DA:20,1
LF:8
LH:8
BRF:0
BRH:0
end_of_record
TN:
SF:E:\f\be\ms-company\src\userRole\userRole.controller.ts
FN:20,(anonymous_8)
FN:23,(anonymous_9)
FNF:2
FNH:2
FNDA:1,(anonymous_8)
FNDA:1,(anonymous_9)
DA:1,2
DA:3,2
DA:5,2
DA:7,2
DA:23,1
DA:24,1
DA:25,1
DA:45,2
DA:46,2
LF:9
LH:9
BRF:0
BRH:0
end_of_record
TN:
SF:E:\f\be\ms-company\src\userRole\userRole.model.ts
FNF:0
FNH:0
DA:1,13
DA:2,13
DA:3,13
DA:5,13
DA:8,13
DA:33,13
LF:6
LH:6
BRF:0
BRH:0
end_of_record
TN:
SF:E:\f\be\ms-company\src\userRole\userRole.repository.ts
FN:5,(anonymous_7)
FN:9,(anonymous_8)
FN:11,(anonymous_9)
FN:16,(anonymous_10)
FN:16,(anonymous_11)
FN:18,(anonymous_12)
FN:21,(anonymous_13)
FN:21,(anonymous_14)
FN:25,(anonymous_15)
FNF:9
FNH:9
FNDA:12,(anonymous_7)
FNDA:8,(anonymous_8)
FNDA:8,(anonymous_9)
FNDA:1,(anonymous_10)
FNDA:1,(anonymous_11)
FNDA:1,(anonymous_12)
FNDA:2,(anonymous_13)
FNDA:2,(anonymous_14)
FNDA:3,(anonymous_15)
DA:1,13
DA:2,13
DA:5,13
DA:6,12
DA:9,13
DA:11,8
DA:12,8
DA:13,8
DA:16,13
DA:17,1
DA:18,1
DA:21,13
DA:22,2
DA:25,3
DA:28,13
LF:15
LH:15
BRF:0
BRH:0
end_of_record
TN:
SF:E:\f\be\ms-company\src\userRole\userRole.service.ts
FN:6,(anonymous_8)
FN:6,(anonymous_9)
FN:10,(anonymous_10)
FN:14,(anonymous_11)
FNF:4
FNH:4
FNDA:2,(anonymous_8)
FNDA:2,(anonymous_9)
FNDA:2,(anonymous_10)
FNDA:1,(anonymous_11)
DA:1,10
DA:2,10
DA:3,10
DA:4,10
DA:6,10
DA:7,2
DA:8,2
DA:11,2
DA:15,1
DA:23,2
DA:26,10
DA:30,10
LF:12
LH:12
BRDA:11,0,0,2
BRDA:11,0,1,2
BRF:2
BRH:2
end_of_record
TN:
SF:E:\f\be\ms-company\src\userRole\userRole.util.ts
FN:6,(anonymous_0)
FN:11,(anonymous_1)
FN:12,(anonymous_2)
FNF:3
FNH:3
FNDA:2,(anonymous_0)
FNDA:2,(anonymous_1)
FNDA:6,(anonymous_2)
DA:1,9
DA:2,9
DA:3,9
DA:6,9
DA:11,2
DA:12,6
DA:14,2
DA:15,1
DA:26,9
LF:9
LH:9
BRDA:14,0,0,1
BRDA:14,0,1,1
BRF:2
BRH:2
end_of_record
